info it worked if it ends with ok
verbose cli [ 'node', '/usr/bin/npm', 'install' ]
info using npm@1.0.103
info using node@v0.4.11
verbose config file /Users/willgaybrick/.npmrc
verbose config file /usr/etc/npmrc
verbose config file /usr/lib/node_modules/npm/npmrc
silly testEngine { name: 'application-name',
silly testEngine   version: '0.0.1',
silly testEngine   private: true,
silly testEngine   dependencies: { express: '2.5.0', ejs: '>= 0.0.1' },
silly testEngine   _id: 'application-name@0.0.1',
silly testEngine   devDependencies: {},
silly testEngine   engines: { node: '*' },
silly testEngine   _engineSupported: true,
silly testEngine   _npmVersion: '1.0.103',
silly testEngine   _nodeVersion: 'v0.4.11',
silly testEngine   _defaultsLoaded: true,
silly testEngine   scripts: {} }
verbose caching /Users/willgaybrick/programming/projects/crushFlow/package.json
verbose loadDefaults application-name@0.0.1
verbose where, deps [ '/Users/willgaybrick/programming/projects/crushFlow',
verbose where, deps   [ 'express', 'ejs' ] ]
verbose from cache /Users/willgaybrick/programming/projects/crushFlow/package.json
info preinstall application-name@0.0.1
verbose from cache /Users/willgaybrick/programming/projects/crushFlow/package.json
verbose into /Users/willgaybrick/programming/projects/crushFlow [ 'express@2.5.0', 'ejs@>= 0.0.1' ]
verbose cache add express@2.5.0
verbose cache add [ 'express@2.5.0', null ]
silly cache add: name, spec, args [ undefined,
silly cache add: name, spec, args   'express@2.5.0',
silly cache add: name, spec, args   [ 'express@2.5.0', null ] ]
verbose parsed url { pathname: 'express@2.5.0', href: 'express@2.5.0' }
silly cache add: name, spec, args [ 'express', '2.5.0', [ 'express', '2.5.0' ] ]
verbose parsed url { pathname: '2.5.0', href: '2.5.0' }
info addNamed [ 'express', '2.5.0' ]
verbose addNamed [ '2.5.0', '2.5.0' ]
verbose cache add ejs@>= 0.0.1
verbose cache add [ 'ejs@>= 0.0.1', null ]
silly cache add: name, spec, args [ undefined, 'ejs@>= 0.0.1', [ 'ejs@>= 0.0.1', null ] ]
verbose parsed url { pathname: 'ejs@', href: 'ejs@' }
silly cache add: name, spec, args [ 'ejs', '>= 0.0.1', [ 'ejs', '>= 0.0.1' ] ]
verbose parsed url { pathname: '=', href: '=' }
info addNamed [ 'ejs', '>= 0.0.1' ]
verbose addNamed [ null, '>=0.0.1' ]
verbose GET express/2.5.0
verbose raw, before any munging express/2.5.0
verbose url resolving [ 'https://registry.npmjs.org/', './express/2.5.0' ]
verbose url resolved https://registry.npmjs.org/express/2.5.0
verbose GET ejs
verbose raw, before any munging ejs
verbose url resolving [ 'https://registry.npmjs.org/', './ejs' ]
verbose url resolved https://registry.npmjs.org/ejs
silly get cb [ 200,
silly get cb   { vary: 'Accept',
silly get cb     server: 'CouchDB/1.1.0 (Erlang OTP/R14B04)',
silly get cb     etag: '"5JUX6T51U7MVZ1LRBMQ0THYK7"',
silly get cb     date: 'Fri, 18 Nov 2011 05:33:40 GMT',
silly get cb     'content-type': 'application/json',
silly get cb     'content-length': '1455' } ]
verbose mkdir (expected) error ENOENT, No such file or directory '/Users/willgaybrick/.npm/express/2.5.0'
verbose mkdir done: /Users/willgaybrick/.npm/express/2.5.0 755
verbose bin dist [ '0.4-ares1.7.4-ev4.4-openssl0.9.8r-v83.1.8.26-darwin-11.2.0',
verbose bin dist   { shasum: '3f9716eaa0e7380025fbb2c6c9942e3d9c9ed3b9',
verbose bin dist     tarball: 'http://registry.npmjs.org/express/-/express-2.5.0.tgz' } ]
verbose addRemoteTarball [ 'https://registry.npmjs.org/express/-/express-2.5.0.tgz',
verbose addRemoteTarball   '3f9716eaa0e7380025fbb2c6c9942e3d9c9ed3b9' ]
verbose mkdir (expected) error ENOENT, No such file or directory '/var/folders/6v/7rf3gx696xg5td6bfqr3rj7r0000gn/T/npm-1321594420715'
verbose mkdir (expected) error ENOENT, No such file or directory '/var/folders/6v/7rf3gx696xg5td6bfqr3rj7r0000gn/T/npm-1321594420715/1321594420716-0.863356621703133'
verbose mkdir done: /var/folders/6v/7rf3gx696xg5td6bfqr3rj7r0000gn/T/npm-1321594420715/1321594420716-0.863356621703133 755
info fetch https://registry.npmjs.org/express/-/express-2.5.0.tgz
verbose fetch to /var/folders/6v/7rf3gx696xg5td6bfqr3rj7r0000gn/T/npm-1321594420715/1321594420716-0.863356621703133/tmp.tgz
silly get cb [ 200,
silly get cb   { vary: 'Accept',
silly get cb     server: 'CouchDB/1.1.0 (Erlang OTP/R14B04)',
silly get cb     etag: '"4UOVYZ8SDVXBWXZ438Y07OEI8"',
silly get cb     date: 'Fri, 18 Nov 2011 05:33:40 GMT',
silly get cb     'content-type': 'application/json',
silly get cb     'content-length': '6795' } ]
verbose mkdir (expected) error ENOENT, No such file or directory '/Users/willgaybrick/.npm/ejs'
verbose mkdir done: /Users/willgaybrick/.npm/ejs 755
verbose GET ejs/0.4.3
verbose raw, before any munging ejs/0.4.3
verbose url resolving [ 'https://registry.npmjs.org/', './ejs/0.4.3' ]
verbose url resolved https://registry.npmjs.org/ejs/0.4.3
silly get cb [ 200,
silly get cb   { vary: 'Accept',
silly get cb     server: 'CouchDB/1.1.0 (Erlang OTP/R14B04)',
silly get cb     etag: '"4UOVYZ8SDVXBWXZ438Y07OEI8"',
silly get cb     date: 'Fri, 18 Nov 2011 05:33:41 GMT',
silly get cb     'content-type': 'application/json',
silly get cb     'content-length': '525' } ]
verbose mkdir (expected) error ENOENT, No such file or directory '/Users/willgaybrick/.npm/ejs/0.4.3'
verbose mkdir done: /Users/willgaybrick/.npm/ejs/0.4.3 755
verbose bin dist [ '0.4-ares1.7.4-ev4.4-openssl0.9.8r-v83.1.8.26-darwin-11.2.0',
verbose bin dist   { shasum: '8143c3656955b8934db5d9da83e9be73176f1f4f',
verbose bin dist     tarball: 'http://registry.npmjs.org/ejs/-/ejs-0.4.3.tgz' } ]
verbose addRemoteTarball [ 'https://registry.npmjs.org/ejs/-/ejs-0.4.3.tgz',
verbose addRemoteTarball   '8143c3656955b8934db5d9da83e9be73176f1f4f' ]
verbose mkdir (expected) error ENOENT, No such file or directory '/var/folders/6v/7rf3gx696xg5td6bfqr3rj7r0000gn/T/npm-1321594420715/1321594421196-0.3943593299482018'
verbose mkdir done: /var/folders/6v/7rf3gx696xg5td6bfqr3rj7r0000gn/T/npm-1321594420715/1321594421196-0.3943593299482018 755
info fetch https://registry.npmjs.org/ejs/-/ejs-0.4.3.tgz
verbose fetch to /var/folders/6v/7rf3gx696xg5td6bfqr3rj7r0000gn/T/npm-1321594420715/1321594421196-0.3943593299482018/tmp.tgz
silly updated sha bytes 33058
info shasum 3f9716eaa0e7380025fbb2c6c9942e3d9c9ed3b9
info shasum /var/folders/6v/7rf3gx696xg5td6bfqr3rj7r0000gn/T/npm-1321594420715/1321594420716-0.863356621703133/tmp.tgz
verbose mkdir (expected) error ENOENT, No such file or directory '/var/folders/6v/7rf3gx696xg5td6bfqr3rj7r0000gn/T/npm-1321594420715/1321594420716-0.863356621703133/contents'
verbose mkdir (expected) error ENOENT, No such file or directory '/var/folders/6v/7rf3gx696xg5td6bfqr3rj7r0000gn/T/npm-1321594420715/1321594420716-0.863356621703133/contents/___package.npm'
verbose mkdir done: /var/folders/6v/7rf3gx696xg5td6bfqr3rj7r0000gn/T/npm-1321594420715/1321594420716-0.863356621703133/contents/___package.npm 755
verbose unpack_ uid, gid [ undefined, undefined ]
verbose unpackTarget /var/folders/6v/7rf3gx696xg5td6bfqr3rj7r0000gn/T/npm-1321594420715/1321594420716-0.863356621703133/contents/package
silly gunzTarPerm modes [ '755', '644' ]
silly spawning [ 'tar',
silly spawning   [ '-zmvxpf',
silly spawning     '/var/folders/6v/7rf3gx696xg5td6bfqr3rj7r0000gn/T/npm-1321594420715/1321594420716-0.863356621703133/tmp.tgz' ],
silly spawning   '/var/folders/6v/7rf3gx696xg5td6bfqr3rj7r0000gn/T/npm-1321594420715/1321594420716-0.863356621703133/contents/___package.npm' ]
silly tar out package/.npmignore
silly tar out package/History.md
silly tar out package/index.js
silly tar out package/LICENSE
silly tar out package/Makefile
silly tar out package/package.json
silly tar out package/Readme.md
silly tar out package/bin/express
silly tar out package/lib/express.js
silly tar out package/lib/http.js
silly tar out package/lib/https.js
silly tar out package/lib/request.js
silly tar out package/lib/response.js
silly tar out package/lib/utils.js
silly tar out package/lib/view.js
silly tar out package/lib/view/partial.js
silly tar out package/lib/view/view.js
silly tar out package/lib/router/collection.js
silly tar out package/lib/router/index.js
silly tar out package/lib/router/methods.js
silly tar out package/lib/router/route.js
silly tar out package/testing/index.js
silly tar out package/testing/public/test.txt
silly tar out package/testing/views/page.html
silly tar out package/testing/views/page.jade
silly tar out package/testing/views/test.md
silly tar out package/testing/views/user/index.jade
silly tar out package/testing/views/user/list.jade
silly updated sha bytes 30396
info shasum 8143c3656955b8934db5d9da83e9be73176f1f4f
info shasum /var/folders/6v/7rf3gx696xg5td6bfqr3rj7r0000gn/T/npm-1321594420715/1321594421196-0.3943593299482018/tmp.tgz
verbose mkdir (expected) error ENOENT, No such file or directory '/var/folders/6v/7rf3gx696xg5td6bfqr3rj7r0000gn/T/npm-1321594420715/1321594421196-0.3943593299482018/contents'
silly asyncMap in gTP /var/folders/6v/7rf3gx696xg5td6bfqr3rj7r0000gn/T/npm-1321594420715/1321594420716-0.863356621703133/contents/___package.npm/package
silly asyncMap in gTP /var/folders/6v/7rf3gx696xg5td6bfqr3rj7r0000gn/T/npm-1321594420715/1321594420716-0.863356621703133/contents/___package.npm/package/.npmignore
silly asyncMap in gTP /var/folders/6v/7rf3gx696xg5td6bfqr3rj7r0000gn/T/npm-1321594420715/1321594420716-0.863356621703133/contents/___package.npm/package/History.md
silly asyncMap in gTP /var/folders/6v/7rf3gx696xg5td6bfqr3rj7r0000gn/T/npm-1321594420715/1321594420716-0.863356621703133/contents/___package.npm/package/index.js
silly asyncMap in gTP /var/folders/6v/7rf3gx696xg5td6bfqr3rj7r0000gn/T/npm-1321594420715/1321594420716-0.863356621703133/contents/___package.npm/package/LICENSE
silly asyncMap in gTP /var/folders/6v/7rf3gx696xg5td6bfqr3rj7r0000gn/T/npm-1321594420715/1321594420716-0.863356621703133/contents/___package.npm/package/Makefile
silly asyncMap in gTP /var/folders/6v/7rf3gx696xg5td6bfqr3rj7r0000gn/T/npm-1321594420715/1321594420716-0.863356621703133/contents/___package.npm/package/package.json
silly asyncMap in gTP /var/folders/6v/7rf3gx696xg5td6bfqr3rj7r0000gn/T/npm-1321594420715/1321594420716-0.863356621703133/contents/___package.npm/package/Readme.md
silly asyncMap in gTP /var/folders/6v/7rf3gx696xg5td6bfqr3rj7r0000gn/T/npm-1321594420715/1321594420716-0.863356621703133/contents/___package.npm/package/bin
silly asyncMap in gTP /var/folders/6v/7rf3gx696xg5td6bfqr3rj7r0000gn/T/npm-1321594420715/1321594420716-0.863356621703133/contents/___package.npm/package/bin/express
silly asyncMap in gTP /var/folders/6v/7rf3gx696xg5td6bfqr3rj7r0000gn/T/npm-1321594420715/1321594420716-0.863356621703133/contents/___package.npm/package/lib
silly asyncMap in gTP /var/folders/6v/7rf3gx696xg5td6bfqr3rj7r0000gn/T/npm-1321594420715/1321594420716-0.863356621703133/contents/___package.npm/package/lib/express.js
silly asyncMap in gTP /var/folders/6v/7rf3gx696xg5td6bfqr3rj7r0000gn/T/npm-1321594420715/1321594420716-0.863356621703133/contents/___package.npm/package/lib/http.js
silly asyncMap in gTP /var/folders/6v/7rf3gx696xg5td6bfqr3rj7r0000gn/T/npm-1321594420715/1321594420716-0.863356621703133/contents/___package.npm/package/lib/https.js
silly asyncMap in gTP /var/folders/6v/7rf3gx696xg5td6bfqr3rj7r0000gn/T/npm-1321594420715/1321594420716-0.863356621703133/contents/___package.npm/package/lib/request.js
silly asyncMap in gTP /var/folders/6v/7rf3gx696xg5td6bfqr3rj7r0000gn/T/npm-1321594420715/1321594420716-0.863356621703133/contents/___package.npm/package/lib/response.js
silly asyncMap in gTP /var/folders/6v/7rf3gx696xg5td6bfqr3rj7r0000gn/T/npm-1321594420715/1321594420716-0.863356621703133/contents/___package.npm/package/lib/utils.js
silly asyncMap in gTP /var/folders/6v/7rf3gx696xg5td6bfqr3rj7r0000gn/T/npm-1321594420715/1321594420716-0.863356621703133/contents/___package.npm/package/lib/view.js
silly asyncMap in gTP /var/folders/6v/7rf3gx696xg5td6bfqr3rj7r0000gn/T/npm-1321594420715/1321594420716-0.863356621703133/contents/___package.npm/package/lib/router
silly asyncMap in gTP /var/folders/6v/7rf3gx696xg5td6bfqr3rj7r0000gn/T/npm-1321594420715/1321594420716-0.863356621703133/contents/___package.npm/package/lib/router/collection.js
silly asyncMap in gTP /var/folders/6v/7rf3gx696xg5td6bfqr3rj7r0000gn/T/npm-1321594420715/1321594420716-0.863356621703133/contents/___package.npm/package/lib/router/index.js
silly asyncMap in gTP /var/folders/6v/7rf3gx696xg5td6bfqr3rj7r0000gn/T/npm-1321594420715/1321594420716-0.863356621703133/contents/___package.npm/package/lib/router/methods.js
silly asyncMap in gTP /var/folders/6v/7rf3gx696xg5td6bfqr3rj7r0000gn/T/npm-1321594420715/1321594420716-0.863356621703133/contents/___package.npm/package/lib/router/route.js
silly asyncMap in gTP /var/folders/6v/7rf3gx696xg5td6bfqr3rj7r0000gn/T/npm-1321594420715/1321594420716-0.863356621703133/contents/___package.npm/package/lib/view
silly asyncMap in gTP /var/folders/6v/7rf3gx696xg5td6bfqr3rj7r0000gn/T/npm-1321594420715/1321594420716-0.863356621703133/contents/___package.npm/package/lib/view/partial.js
silly asyncMap in gTP /var/folders/6v/7rf3gx696xg5td6bfqr3rj7r0000gn/T/npm-1321594420715/1321594420716-0.863356621703133/contents/___package.npm/package/lib/view/view.js
silly asyncMap in gTP /var/folders/6v/7rf3gx696xg5td6bfqr3rj7r0000gn/T/npm-1321594420715/1321594420716-0.863356621703133/contents/___package.npm/package/testing
silly asyncMap in gTP /var/folders/6v/7rf3gx696xg5td6bfqr3rj7r0000gn/T/npm-1321594420715/1321594420716-0.863356621703133/contents/___package.npm/package/testing/index.js
silly asyncMap in gTP /var/folders/6v/7rf3gx696xg5td6bfqr3rj7r0000gn/T/npm-1321594420715/1321594420716-0.863356621703133/contents/___package.npm/package/testing/public
silly asyncMap in gTP /var/folders/6v/7rf3gx696xg5td6bfqr3rj7r0000gn/T/npm-1321594420715/1321594420716-0.863356621703133/contents/___package.npm/package/testing/public/test.txt
silly asyncMap in gTP /var/folders/6v/7rf3gx696xg5td6bfqr3rj7r0000gn/T/npm-1321594420715/1321594420716-0.863356621703133/contents/___package.npm/package/testing/views
silly asyncMap in gTP /var/folders/6v/7rf3gx696xg5td6bfqr3rj7r0000gn/T/npm-1321594420715/1321594420716-0.863356621703133/contents/___package.npm/package/testing/views/page.html
silly asyncMap in gTP /var/folders/6v/7rf3gx696xg5td6bfqr3rj7r0000gn/T/npm-1321594420715/1321594420716-0.863356621703133/contents/___package.npm/package/testing/views/page.jade
silly asyncMap in gTP /var/folders/6v/7rf3gx696xg5td6bfqr3rj7r0000gn/T/npm-1321594420715/1321594420716-0.863356621703133/contents/___package.npm/package/testing/views/test.md
silly asyncMap in gTP /var/folders/6v/7rf3gx696xg5td6bfqr3rj7r0000gn/T/npm-1321594420715/1321594420716-0.863356621703133/contents/___package.npm/package/testing/views/user
silly asyncMap in gTP /var/folders/6v/7rf3gx696xg5td6bfqr3rj7r0000gn/T/npm-1321594420715/1321594420716-0.863356621703133/contents/___package.npm/package/testing/views/user/index.jade
silly asyncMap in gTP /var/folders/6v/7rf3gx696xg5td6bfqr3rj7r0000gn/T/npm-1321594420715/1321594420716-0.863356621703133/contents/___package.npm/package/testing/views/user/list.jade
verbose mkdir (expected) error ENOENT, No such file or directory '/var/folders/6v/7rf3gx696xg5td6bfqr3rj7r0000gn/T/npm-1321594420715/1321594421196-0.3943593299482018/contents/___package.npm'
verbose mkdir done: /var/folders/6v/7rf3gx696xg5td6bfqr3rj7r0000gn/T/npm-1321594420715/1321594421196-0.3943593299482018/contents/___package.npm 755
verbose unpack_ uid, gid [ undefined, undefined ]
verbose unpackTarget /var/folders/6v/7rf3gx696xg5td6bfqr3rj7r0000gn/T/npm-1321594420715/1321594421196-0.3943593299482018/contents/package
silly gunzTarPerm modes [ '755', '644' ]
silly spawning [ 'tar',
silly spawning   [ '-zmvxpf',
silly spawning     '/var/folders/6v/7rf3gx696xg5td6bfqr3rj7r0000gn/T/npm-1321594420715/1321594421196-0.3943593299482018/tmp.tgz' ],
silly spawning   '/var/folders/6v/7rf3gx696xg5td6bfqr3rj7r0000gn/T/npm-1321594420715/1321594421196-0.3943593299482018/contents/___package.npm' ]
verbose gunzed /var/folders/6v/7rf3gx696xg5td6bfqr3rj7r0000gn/T/npm-1321594420715/1321594420716-0.863356621703133/contents/___package.npm/package
verbose rm'ed /var/folders/6v/7rf3gx696xg5td6bfqr3rj7r0000gn/T/npm-1321594420715/1321594420716-0.863356621703133/contents/package
verbose renamed [ '/var/folders/6v/7rf3gx696xg5td6bfqr3rj7r0000gn/T/npm-1321594420715/1321594420716-0.863356621703133/contents/___package.npm/package',
verbose renamed   '/var/folders/6v/7rf3gx696xg5td6bfqr3rj7r0000gn/T/npm-1321594420715/1321594420716-0.863356621703133/contents/package' ]
silly testEngine { name: 'express',
silly testEngine   description: 'Sinatra inspired web development framework',
silly testEngine   version: '2.5.0',
silly testEngine   author: 
silly testEngine    { name: 'TJ Holowaychuk',
silly testEngine      email: 'tj@vision-media.ca' },
silly testEngine   contributors: 
silly testEngine    [ { name: 'TJ Holowaychuk',
silly testEngine        email: 'tj@vision-media.ca' },
silly testEngine      { name: 'Aaron Heckmann',
silly testEngine        email: 'aaron.heckmann+github@gmail.com' },
silly testEngine      { name: 'Ciaran Jessup', email: 'ciaranj@gmail.com' },
silly testEngine      { name: 'Guillermo Rauch', email: 'rauchg@gmail.com' } ],
silly testEngine   dependencies: 
silly testEngine    { connect: '1.7.x',
silly testEngine      mime: '>= 0.0.1',
silly testEngine      qs: '>= 0.3.1',
silly testEngine      mkdirp: '0.0.7' },
silly testEngine   devDependencies: 
silly testEngine    { 'connect-form': '0.2.1',
silly testEngine      ejs: '0.4.2',
silly testEngine      expresso: '0.9.2',
silly testEngine      hamljs: '0.5.1',
silly testEngine      jade: '0.16.2',
silly testEngine      stylus: '0.13.0',
silly testEngine      should: '0.3.2',
silly testEngine      'express-messages': '0.0.2',
silly testEngine      'node-markdown': '>= 0.0.1',
silly testEngine      'connect-redis': '>= 0.0.1' },
silly testEngine   keywords: [ 'framework', 'sinatra', 'web', 'rest', 'restful' ],
silly testEngine   repository: 
silly testEngine    { type: 'git',
silly testEngine      url: 'git://github.com/visionmedia/express.git' },
silly testEngine   main: 'index',
silly testEngine   bin: { express: './bin/express' },
silly testEngine   scripts: { test: 'make test', prepublish: 'npm prune' },
silly testEngine   engines: { node: '>= 0.4.1 < 0.7.0' },
silly testEngine   _id: 'express@2.5.0',
silly testEngine   _engineSupported: true,
silly testEngine   _npmVersion: '1.0.103',
silly testEngine   _nodeVersion: 'v0.4.11',
silly testEngine   _defaultsLoaded: true,
silly testEngine   path: '/var/folders/6v/7rf3gx696xg5td6bfqr3rj7r0000gn/T/npm-1321594420715/1321594420716-0.863356621703133/contents/package' }
verbose caching /var/folders/6v/7rf3gx696xg5td6bfqr3rj7r0000gn/T/npm-1321594420715/1321594420716-0.863356621703133/contents/package/package.json
verbose loadDefaults express@2.5.0
verbose tarball contents [ 'package' ]
verbose from cache /var/folders/6v/7rf3gx696xg5td6bfqr3rj7r0000gn/T/npm-1321594420715/1321594420716-0.863356621703133/contents/package/package.json
verbose pack /var/folders/6v/7rf3gx696xg5td6bfqr3rj7r0000gn/T/npm-1321594420715/1321594420716-0.863356621703133/contents/package /Users/willgaybrick/.npm/express/2.5.0/package.tgz
silly tar out package/.gitignore
silly tar out package/.gitmodules
silly tar out package/benchmark.js
silly tar out package/ejs.js
silly tar out package/ejs.min.js
silly tar out package/History.md
silly tar out package/index.js
silly tar out package/Makefile
silly tar out package/package.json
silly tar out package/Readme.md
silly tar out package/examples/client.html
silly tar out package/examples/list.ejs
silly tar out package/examples/list.js
silly tar out package/lib/ejs.js
silly tar out package/lib/filters.js
silly tar out package/lib/utils.js
silly tar out package/test/ejs.test.js
silly tar out package/support/compile.js
silly tar out package/support/expresso/.gitignore
silly tar out package/support/expresso/.gitmodules
silly tar out package/support/expresso/History.md
silly tar out package/support/expresso/Makefile
silly tar out package/support/expresso/package.json
silly tar out package/support/expresso/Readme.md
silly tar out package/support/expresso/bin/expresso
silly tar out package/support/expresso/lib/bar.js
silly tar out package/support/expresso/lib/foo.js
silly tar out package/support/expresso/test/assert.test.js
silly tar out package/support/expresso/test/async.test.js
silly tar out package/support/expresso/test/bar.test.js
silly tar out package/support/expresso/test/foo.test.js
silly tar out package/support/expresso/test/http.test.js
silly tar out package/support/expresso/docs/api.html
silly tar out package/support/expresso/docs/index.html
silly tar out package/support/expresso/docs/index.md
silly tar out package/support/expresso/docs/layout/foot.html
silly tar out package/support/expresso/docs/layout/head.html
verbose mkdir'ed /Users/willgaybrick/.npm/express/2.5.0
verbose tar about to write tar and gzip it.
silly tar args [ '-czvf', '-', '-T', '-' ]
silly spawning [ 'tar',
silly spawning   [ '-czvf', '-', '-T', '-' ],
silly spawning   '/var/folders/6v/7rf3gx696xg5td6bfqr3rj7r0000gn/T/npm-1321594420715/1321594420716-0.863356621703133/contents' ]
silly asyncMap in gTP /var/folders/6v/7rf3gx696xg5td6bfqr3rj7r0000gn/T/npm-1321594420715/1321594421196-0.3943593299482018/contents/___package.npm/package
silly asyncMap in gTP /var/folders/6v/7rf3gx696xg5td6bfqr3rj7r0000gn/T/npm-1321594420715/1321594421196-0.3943593299482018/contents/___package.npm/package/.gitignore
silly asyncMap in gTP /var/folders/6v/7rf3gx696xg5td6bfqr3rj7r0000gn/T/npm-1321594420715/1321594421196-0.3943593299482018/contents/___package.npm/package/.gitmodules
silly asyncMap in gTP /var/folders/6v/7rf3gx696xg5td6bfqr3rj7r0000gn/T/npm-1321594420715/1321594421196-0.3943593299482018/contents/___package.npm/package/benchmark.js
silly asyncMap in gTP /var/folders/6v/7rf3gx696xg5td6bfqr3rj7r0000gn/T/npm-1321594420715/1321594421196-0.3943593299482018/contents/___package.npm/package/ejs.js
silly asyncMap in gTP /var/folders/6v/7rf3gx696xg5td6bfqr3rj7r0000gn/T/npm-1321594420715/1321594421196-0.3943593299482018/contents/___package.npm/package/ejs.min.js
silly asyncMap in gTP /var/folders/6v/7rf3gx696xg5td6bfqr3rj7r0000gn/T/npm-1321594420715/1321594421196-0.3943593299482018/contents/___package.npm/package/History.md
silly asyncMap in gTP /var/folders/6v/7rf3gx696xg5td6bfqr3rj7r0000gn/T/npm-1321594420715/1321594421196-0.3943593299482018/contents/___package.npm/package/index.js
silly asyncMap in gTP /var/folders/6v/7rf3gx696xg5td6bfqr3rj7r0000gn/T/npm-1321594420715/1321594421196-0.3943593299482018/contents/___package.npm/package/Makefile
silly asyncMap in gTP /var/folders/6v/7rf3gx696xg5td6bfqr3rj7r0000gn/T/npm-1321594420715/1321594421196-0.3943593299482018/contents/___package.npm/package/package.json
silly asyncMap in gTP /var/folders/6v/7rf3gx696xg5td6bfqr3rj7r0000gn/T/npm-1321594420715/1321594421196-0.3943593299482018/contents/___package.npm/package/Readme.md
silly asyncMap in gTP /var/folders/6v/7rf3gx696xg5td6bfqr3rj7r0000gn/T/npm-1321594420715/1321594421196-0.3943593299482018/contents/___package.npm/package/examples
silly asyncMap in gTP /var/folders/6v/7rf3gx696xg5td6bfqr3rj7r0000gn/T/npm-1321594420715/1321594421196-0.3943593299482018/contents/___package.npm/package/examples/client.html
silly asyncMap in gTP /var/folders/6v/7rf3gx696xg5td6bfqr3rj7r0000gn/T/npm-1321594420715/1321594421196-0.3943593299482018/contents/___package.npm/package/examples/list.ejs
silly asyncMap in gTP /var/folders/6v/7rf3gx696xg5td6bfqr3rj7r0000gn/T/npm-1321594420715/1321594421196-0.3943593299482018/contents/___package.npm/package/examples/list.js
silly asyncMap in gTP /var/folders/6v/7rf3gx696xg5td6bfqr3rj7r0000gn/T/npm-1321594420715/1321594421196-0.3943593299482018/contents/___package.npm/package/lib
silly asyncMap in gTP /var/folders/6v/7rf3gx696xg5td6bfqr3rj7r0000gn/T/npm-1321594420715/1321594421196-0.3943593299482018/contents/___package.npm/package/lib/ejs.js
silly asyncMap in gTP /var/folders/6v/7rf3gx696xg5td6bfqr3rj7r0000gn/T/npm-1321594420715/1321594421196-0.3943593299482018/contents/___package.npm/package/lib/filters.js
silly asyncMap in gTP /var/folders/6v/7rf3gx696xg5td6bfqr3rj7r0000gn/T/npm-1321594420715/1321594421196-0.3943593299482018/contents/___package.npm/package/lib/utils.js
silly asyncMap in gTP /var/folders/6v/7rf3gx696xg5td6bfqr3rj7r0000gn/T/npm-1321594420715/1321594421196-0.3943593299482018/contents/___package.npm/package/test
silly asyncMap in gTP /var/folders/6v/7rf3gx696xg5td6bfqr3rj7r0000gn/T/npm-1321594420715/1321594421196-0.3943593299482018/contents/___package.npm/package/test/ejs.test.js
silly asyncMap in gTP /var/folders/6v/7rf3gx696xg5td6bfqr3rj7r0000gn/T/npm-1321594420715/1321594421196-0.3943593299482018/contents/___package.npm/package/support
silly asyncMap in gTP /var/folders/6v/7rf3gx696xg5td6bfqr3rj7r0000gn/T/npm-1321594420715/1321594421196-0.3943593299482018/contents/___package.npm/package/support/compile.js
silly asyncMap in gTP /var/folders/6v/7rf3gx696xg5td6bfqr3rj7r0000gn/T/npm-1321594420715/1321594421196-0.3943593299482018/contents/___package.npm/package/support/expresso
silly asyncMap in gTP /var/folders/6v/7rf3gx696xg5td6bfqr3rj7r0000gn/T/npm-1321594420715/1321594421196-0.3943593299482018/contents/___package.npm/package/support/expresso/.gitignore
silly asyncMap in gTP /var/folders/6v/7rf3gx696xg5td6bfqr3rj7r0000gn/T/npm-1321594420715/1321594421196-0.3943593299482018/contents/___package.npm/package/support/expresso/.gitmodules
silly asyncMap in gTP /var/folders/6v/7rf3gx696xg5td6bfqr3rj7r0000gn/T/npm-1321594420715/1321594421196-0.3943593299482018/contents/___package.npm/package/support/expresso/History.md
silly asyncMap in gTP /var/folders/6v/7rf3gx696xg5td6bfqr3rj7r0000gn/T/npm-1321594420715/1321594421196-0.3943593299482018/contents/___package.npm/package/support/expresso/Makefile
silly asyncMap in gTP /var/folders/6v/7rf3gx696xg5td6bfqr3rj7r0000gn/T/npm-1321594420715/1321594421196-0.3943593299482018/contents/___package.npm/package/support/expresso/package.json
silly asyncMap in gTP /var/folders/6v/7rf3gx696xg5td6bfqr3rj7r0000gn/T/npm-1321594420715/1321594421196-0.3943593299482018/contents/___package.npm/package/support/expresso/Readme.md
silly asyncMap in gTP /var/folders/6v/7rf3gx696xg5td6bfqr3rj7r0000gn/T/npm-1321594420715/1321594421196-0.3943593299482018/contents/___package.npm/package/support/expresso/bin
silly asyncMap in gTP /var/folders/6v/7rf3gx696xg5td6bfqr3rj7r0000gn/T/npm-1321594420715/1321594421196-0.3943593299482018/contents/___package.npm/package/support/expresso/bin/expresso
silly asyncMap in gTP /var/folders/6v/7rf3gx696xg5td6bfqr3rj7r0000gn/T/npm-1321594420715/1321594421196-0.3943593299482018/contents/___package.npm/package/support/expresso/lib
silly asyncMap in gTP /var/folders/6v/7rf3gx696xg5td6bfqr3rj7r0000gn/T/npm-1321594420715/1321594421196-0.3943593299482018/contents/___package.npm/package/support/expresso/lib/bar.js
silly asyncMap in gTP /var/folders/6v/7rf3gx696xg5td6bfqr3rj7r0000gn/T/npm-1321594420715/1321594421196-0.3943593299482018/contents/___package.npm/package/support/expresso/lib/foo.js
silly asyncMap in gTP /var/folders/6v/7rf3gx696xg5td6bfqr3rj7r0000gn/T/npm-1321594420715/1321594421196-0.3943593299482018/contents/___package.npm/package/support/expresso/test
silly asyncMap in gTP /var/folders/6v/7rf3gx696xg5td6bfqr3rj7r0000gn/T/npm-1321594420715/1321594421196-0.3943593299482018/contents/___package.npm/package/support/expresso/test/assert.test.js
silly asyncMap in gTP /var/folders/6v/7rf3gx696xg5td6bfqr3rj7r0000gn/T/npm-1321594420715/1321594421196-0.3943593299482018/contents/___package.npm/package/support/expresso/test/async.test.js
silly asyncMap in gTP /var/folders/6v/7rf3gx696xg5td6bfqr3rj7r0000gn/T/npm-1321594420715/1321594421196-0.3943593299482018/contents/___package.npm/package/support/expresso/test/bar.test.js
silly asyncMap in gTP /var/folders/6v/7rf3gx696xg5td6bfqr3rj7r0000gn/T/npm-1321594420715/1321594421196-0.3943593299482018/contents/___package.npm/package/support/expresso/test/foo.test.js
silly asyncMap in gTP /var/folders/6v/7rf3gx696xg5td6bfqr3rj7r0000gn/T/npm-1321594420715/1321594421196-0.3943593299482018/contents/___package.npm/package/support/expresso/test/http.test.js
silly asyncMap in gTP /var/folders/6v/7rf3gx696xg5td6bfqr3rj7r0000gn/T/npm-1321594420715/1321594421196-0.3943593299482018/contents/___package.npm/package/support/expresso/docs
silly asyncMap in gTP /var/folders/6v/7rf3gx696xg5td6bfqr3rj7r0000gn/T/npm-1321594420715/1321594421196-0.3943593299482018/contents/___package.npm/package/support/expresso/docs/api.html
silly asyncMap in gTP /var/folders/6v/7rf3gx696xg5td6bfqr3rj7r0000gn/T/npm-1321594420715/1321594421196-0.3943593299482018/contents/___package.npm/package/support/expresso/docs/index.html
silly asyncMap in gTP /var/folders/6v/7rf3gx696xg5td6bfqr3rj7r0000gn/T/npm-1321594420715/1321594421196-0.3943593299482018/contents/___package.npm/package/support/expresso/docs/index.md
silly asyncMap in gTP /var/folders/6v/7rf3gx696xg5td6bfqr3rj7r0000gn/T/npm-1321594420715/1321594421196-0.3943593299482018/contents/___package.npm/package/support/expresso/docs/layout
silly asyncMap in gTP /var/folders/6v/7rf3gx696xg5td6bfqr3rj7r0000gn/T/npm-1321594420715/1321594421196-0.3943593299482018/contents/___package.npm/package/support/expresso/docs/layout/foot.html
silly asyncMap in gTP /var/folders/6v/7rf3gx696xg5td6bfqr3rj7r0000gn/T/npm-1321594420715/1321594421196-0.3943593299482018/contents/___package.npm/package/support/expresso/docs/layout/head.html
verbose gunzed /var/folders/6v/7rf3gx696xg5td6bfqr3rj7r0000gn/T/npm-1321594420715/1321594421196-0.3943593299482018/contents/___package.npm/package
verbose rm'ed /var/folders/6v/7rf3gx696xg5td6bfqr3rj7r0000gn/T/npm-1321594420715/1321594421196-0.3943593299482018/contents/package
verbose renamed [ '/var/folders/6v/7rf3gx696xg5td6bfqr3rj7r0000gn/T/npm-1321594420715/1321594421196-0.3943593299482018/contents/___package.npm/package',
verbose renamed   '/var/folders/6v/7rf3gx696xg5td6bfqr3rj7r0000gn/T/npm-1321594420715/1321594421196-0.3943593299482018/contents/package' ]
silly testEngine { name: 'ejs',
silly testEngine   description: 'Embedded JavaScript templates',
silly testEngine   version: '0.4.3',
silly testEngine   author: 
silly testEngine    { name: 'TJ Holowaychuk',
silly testEngine      email: 'tj@vision-media.ca' },
silly testEngine   keywords: [ 'template', 'engine', 'ejs' ],
silly testEngine   main: './lib/ejs.js',
silly testEngine   _id: 'ejs@0.4.3',
silly testEngine   dependencies: {},
silly testEngine   devDependencies: {},
silly testEngine   engines: { node: '*' },
silly testEngine   _engineSupported: true,
silly testEngine   _npmVersion: '1.0.103',
silly testEngine   _nodeVersion: 'v0.4.11',
silly testEngine   _defaultsLoaded: true,
silly testEngine   path: '/var/folders/6v/7rf3gx696xg5td6bfqr3rj7r0000gn/T/npm-1321594420715/1321594421196-0.3943593299482018/contents/package' }
verbose caching /var/folders/6v/7rf3gx696xg5td6bfqr3rj7r0000gn/T/npm-1321594420715/1321594421196-0.3943593299482018/contents/package/package.json
verbose loadDefaults ejs@0.4.3
verbose tarball contents [ 'package' ]
verbose from cache /var/folders/6v/7rf3gx696xg5td6bfqr3rj7r0000gn/T/npm-1321594420715/1321594421196-0.3943593299482018/contents/package/package.json
verbose pack /var/folders/6v/7rf3gx696xg5td6bfqr3rj7r0000gn/T/npm-1321594420715/1321594421196-0.3943593299482018/contents/package /Users/willgaybrick/.npm/ejs/0.4.3/package.tgz
silly testEngine { name: 'expresso',
silly testEngine   version: '0.6.1',
silly testEngine   description: 'TDD framework, light-weight, fast, CI-friendly',
silly testEngine   author: 
silly testEngine    { name: 'TJ Holowaychuk',
silly testEngine      email: 'tj@vision-media.ca' },
silly testEngine   bin: { expresso: './bin/expresso' },
silly testEngine   scripts: { install: 'make install-jscov' },
silly testEngine   _id: 'expresso@0.6.1',
silly testEngine   dependencies: {},
silly testEngine   devDependencies: {},
silly testEngine   engines: { node: '*' },
silly testEngine   _engineSupported: true,
silly testEngine   _npmVersion: '1.0.103',
silly testEngine   _nodeVersion: 'v0.4.11',
silly testEngine   _defaultsLoaded: true,
silly testEngine   path: '/var/folders/6v/7rf3gx696xg5td6bfqr3rj7r0000gn/T/npm-1321594420715/1321594421196-0.3943593299482018/contents/package/support/expresso' }
verbose caching /var/folders/6v/7rf3gx696xg5td6bfqr3rj7r0000gn/T/npm-1321594420715/1321594421196-0.3943593299482018/contents/package/support/expresso/package.json
verbose loadDefaults expresso@0.6.1
verbose mkdir'ed /Users/willgaybrick/.npm/ejs/0.4.3
verbose tar about to write tar and gzip it.
silly tar args [ '-czvf', '-', '-T', '-' ]
silly spawning [ 'tar',
silly spawning   [ '-czvf', '-', '-T', '-' ],
silly spawning   '/var/folders/6v/7rf3gx696xg5td6bfqr3rj7r0000gn/T/npm-1321594420715/1321594421196-0.3943593299482018/contents' ]
verbose mkdir (expected) error ENOENT, No such file or directory '/Users/willgaybrick/.npm/express/2.5.0/___package.npm'
verbose mkdir done: /Users/willgaybrick/.npm/express/2.5.0/___package.npm 755
verbose unpack_ uid, gid [ undefined, undefined ]
verbose unpackTarget /Users/willgaybrick/.npm/express/2.5.0/package
silly gunzTarPerm modes [ '755', '644' ]
silly spawning [ 'tar',
silly spawning   [ '-zmvxpf',
silly spawning     '/Users/willgaybrick/.npm/express/2.5.0/package.tgz' ],
silly spawning   '/Users/willgaybrick/.npm/express/2.5.0/___package.npm' ]
verbose mkdir (expected) error ENOENT, No such file or directory '/Users/willgaybrick/.npm/ejs/0.4.3/___package.npm'
verbose mkdir done: /Users/willgaybrick/.npm/ejs/0.4.3/___package.npm 755
verbose unpack_ uid, gid [ undefined, undefined ]
verbose unpackTarget /Users/willgaybrick/.npm/ejs/0.4.3/package
silly gunzTarPerm modes [ '755', '644' ]
silly spawning [ 'tar',
silly spawning   [ '-zmvxpf',
silly spawning     '/Users/willgaybrick/.npm/ejs/0.4.3/package.tgz' ],
silly spawning   '/Users/willgaybrick/.npm/ejs/0.4.3/___package.npm' ]
silly tar out package/.npmignore
silly tar out package/History.md
silly tar out package/index.js
silly tar out package/LICENSE
silly tar out package/Makefile
silly tar out package/package.json
silly tar out package/Readme.md
silly tar out package/bin/express
silly tar out package/lib/express.js
silly tar out package/lib/http.js
silly tar out package/lib/https.js
silly tar out package/lib/request.js
silly tar out package/lib/response.js
silly tar out package/lib/utils.js
silly tar out package/lib/view.js
silly tar out package/lib/router/collection.js
silly tar out package/lib/router/index.js
silly tar out package/lib/router/methods.js
silly tar out package/lib/router/route.js
silly tar out package/lib/view/partial.js
silly tar out package/lib/view/view.js
silly tar out package/testing/index.js
silly tar out package/testing/public/test.txt
silly tar out package/testing/views/page.html
silly tar out package/testing/views/page.jade
silly tar out package/testing/views/test.md
silly tar out package/testing/views/user/index.jade
silly tar out package/testing/views/user/list.jade
silly asyncMap in gTP /Users/willgaybrick/.npm/express/2.5.0/___package.npm/package
silly asyncMap in gTP /Users/willgaybrick/.npm/express/2.5.0/___package.npm/package/.npmignore
silly asyncMap in gTP /Users/willgaybrick/.npm/express/2.5.0/___package.npm/package/History.md
silly asyncMap in gTP /Users/willgaybrick/.npm/express/2.5.0/___package.npm/package/index.js
silly asyncMap in gTP /Users/willgaybrick/.npm/express/2.5.0/___package.npm/package/LICENSE
silly asyncMap in gTP /Users/willgaybrick/.npm/express/2.5.0/___package.npm/package/Makefile
silly asyncMap in gTP /Users/willgaybrick/.npm/express/2.5.0/___package.npm/package/package.json
silly asyncMap in gTP /Users/willgaybrick/.npm/express/2.5.0/___package.npm/package/Readme.md
silly asyncMap in gTP /Users/willgaybrick/.npm/express/2.5.0/___package.npm/package/bin
silly asyncMap in gTP /Users/willgaybrick/.npm/express/2.5.0/___package.npm/package/bin/express
silly asyncMap in gTP /Users/willgaybrick/.npm/express/2.5.0/___package.npm/package/lib
silly asyncMap in gTP /Users/willgaybrick/.npm/express/2.5.0/___package.npm/package/lib/express.js
silly asyncMap in gTP /Users/willgaybrick/.npm/express/2.5.0/___package.npm/package/lib/http.js
silly asyncMap in gTP /Users/willgaybrick/.npm/express/2.5.0/___package.npm/package/lib/https.js
silly asyncMap in gTP /Users/willgaybrick/.npm/express/2.5.0/___package.npm/package/lib/request.js
silly asyncMap in gTP /Users/willgaybrick/.npm/express/2.5.0/___package.npm/package/lib/response.js
silly asyncMap in gTP /Users/willgaybrick/.npm/express/2.5.0/___package.npm/package/lib/utils.js
silly asyncMap in gTP /Users/willgaybrick/.npm/express/2.5.0/___package.npm/package/lib/view.js
silly asyncMap in gTP /Users/willgaybrick/.npm/express/2.5.0/___package.npm/package/lib/router
silly asyncMap in gTP /Users/willgaybrick/.npm/express/2.5.0/___package.npm/package/lib/router/collection.js
silly asyncMap in gTP /Users/willgaybrick/.npm/express/2.5.0/___package.npm/package/lib/router/index.js
silly asyncMap in gTP /Users/willgaybrick/.npm/express/2.5.0/___package.npm/package/lib/router/methods.js
silly asyncMap in gTP /Users/willgaybrick/.npm/express/2.5.0/___package.npm/package/lib/router/route.js
silly asyncMap in gTP /Users/willgaybrick/.npm/express/2.5.0/___package.npm/package/lib/view
silly asyncMap in gTP /Users/willgaybrick/.npm/express/2.5.0/___package.npm/package/lib/view/partial.js
silly asyncMap in gTP /Users/willgaybrick/.npm/express/2.5.0/___package.npm/package/lib/view/view.js
silly asyncMap in gTP /Users/willgaybrick/.npm/express/2.5.0/___package.npm/package/testing
silly asyncMap in gTP /Users/willgaybrick/.npm/express/2.5.0/___package.npm/package/testing/index.js
silly asyncMap in gTP /Users/willgaybrick/.npm/express/2.5.0/___package.npm/package/testing/public
silly asyncMap in gTP /Users/willgaybrick/.npm/express/2.5.0/___package.npm/package/testing/public/test.txt
silly asyncMap in gTP /Users/willgaybrick/.npm/express/2.5.0/___package.npm/package/testing/views
silly asyncMap in gTP /Users/willgaybrick/.npm/express/2.5.0/___package.npm/package/testing/views/page.html
silly asyncMap in gTP /Users/willgaybrick/.npm/express/2.5.0/___package.npm/package/testing/views/page.jade
silly asyncMap in gTP /Users/willgaybrick/.npm/express/2.5.0/___package.npm/package/testing/views/test.md
silly asyncMap in gTP /Users/willgaybrick/.npm/express/2.5.0/___package.npm/package/testing/views/user
silly asyncMap in gTP /Users/willgaybrick/.npm/express/2.5.0/___package.npm/package/testing/views/user/index.jade
silly asyncMap in gTP /Users/willgaybrick/.npm/express/2.5.0/___package.npm/package/testing/views/user/list.jade
verbose gunzed /Users/willgaybrick/.npm/express/2.5.0/___package.npm/package
verbose rm'ed /Users/willgaybrick/.npm/express/2.5.0/package
verbose renamed [ '/Users/willgaybrick/.npm/express/2.5.0/___package.npm/package',
verbose renamed   '/Users/willgaybrick/.npm/express/2.5.0/package' ]
silly testEngine { name: 'express',
silly testEngine   description: 'Sinatra inspired web development framework',
silly testEngine   version: '2.5.0',
silly testEngine   author: 
silly testEngine    { name: 'TJ Holowaychuk',
silly testEngine      email: 'tj@vision-media.ca' },
silly testEngine   contributors: 
silly testEngine    [ { name: 'TJ Holowaychuk',
silly testEngine        email: 'tj@vision-media.ca' },
silly testEngine      { name: 'Aaron Heckmann',
silly testEngine        email: 'aaron.heckmann+github@gmail.com' },
silly testEngine      { name: 'Ciaran Jessup', email: 'ciaranj@gmail.com' },
silly testEngine      { name: 'Guillermo Rauch', email: 'rauchg@gmail.com' } ],
silly testEngine   dependencies: 
silly testEngine    { connect: '1.7.x',
silly testEngine      mime: '>= 0.0.1',
silly testEngine      qs: '>= 0.3.1',
silly testEngine      mkdirp: '0.0.7' },
silly testEngine   devDependencies: 
silly testEngine    { 'connect-form': '0.2.1',
silly testEngine      ejs: '0.4.2',
silly testEngine      expresso: '0.9.2',
silly testEngine      hamljs: '0.5.1',
silly testEngine      jade: '0.16.2',
silly testEngine      stylus: '0.13.0',
silly testEngine      should: '0.3.2',
silly testEngine      'express-messages': '0.0.2',
silly testEngine      'node-markdown': '>= 0.0.1',
silly testEngine      'connect-redis': '>= 0.0.1' },
silly testEngine   keywords: [ 'framework', 'sinatra', 'web', 'rest', 'restful' ],
silly testEngine   repository: 
silly testEngine    { type: 'git',
silly testEngine      url: 'git://github.com/visionmedia/express.git' },
silly testEngine   main: 'index',
silly testEngine   bin: { express: './bin/express' },
silly testEngine   scripts: { test: 'make test', prepublish: 'npm prune' },
silly testEngine   engines: { node: '>= 0.4.1 < 0.7.0' },
silly testEngine   _id: 'express@2.5.0',
silly testEngine   _engineSupported: true,
silly testEngine   _npmVersion: '1.0.103',
silly testEngine   _nodeVersion: 'v0.4.11',
silly testEngine   _defaultsLoaded: true,
silly testEngine   dist: { shasum: '5c849d85688aebe4570815705aaf2b2c4ec24a37' } }
verbose caching /Users/willgaybrick/.npm/express/2.5.0/package/package.json
verbose loadDefaults express@2.5.0
silly tar out package/.gitignore
silly tar out package/.gitmodules
silly tar out package/benchmark.js
silly tar out package/ejs.js
silly updated sha bytes 33107
silly tar out package/ejs.min.js
silly tar out package/History.md
silly tar out package/index.js
silly tar out package/Makefile
info shasum 5c849d85688aebe4570815705aaf2b2c4ec24a37
info shasum /Users/willgaybrick/.npm/express/2.5.0/package.tgz
verbose from cache /Users/willgaybrick/.npm/express/2.5.0/package/package.json
verbose chmod /Users/willgaybrick/.npm/express/2.5.0/package.tgz 644
verbose chown [ '/Users/willgaybrick/.npm/express/2.5.0/package.tgz',
verbose chown   501,
verbose chown   20 ]
silly tar out package/package.json
silly tar out package/Readme.md
silly tar out package/examples/client.html
silly tar out package/examples/list.ejs
silly tar out package/examples/list.js
silly tar out package/lib/ejs.js
silly tar out package/lib/filters.js
silly tar out package/lib/utils.js
silly tar out package/test/ejs.test.js
silly tar out package/support/compile.js
silly tar out package/support/expresso/.gitignore
silly tar out package/support/expresso/.gitmodules
silly tar out package/support/expresso/History.md
silly tar out package/support/expresso/Makefile
silly tar out package/support/expresso/package.json
silly tar out package/support/expresso/Readme.md
silly tar out package/support/expresso/bin/expresso
silly tar out package/support/expresso/lib/bar.js
silly tar out package/support/expresso/lib/foo.js
silly tar out package/support/expresso/test/assert.test.js
silly tar out package/support/expresso/test/async.test.js
silly tar out package/support/expresso/test/bar.test.js
silly tar out package/support/expresso/test/foo.test.js
silly tar out package/support/expresso/test/http.test.js
silly tar out package/support/expresso/docs/api.html
silly tar out package/support/expresso/docs/index.html
silly tar out package/support/expresso/docs/index.md
silly tar out package/support/expresso/docs/layout/foot.html
silly tar out package/support/expresso/docs/layout/head.html
silly asyncMap in gTP /Users/willgaybrick/.npm/ejs/0.4.3/___package.npm/package
silly asyncMap in gTP /Users/willgaybrick/.npm/ejs/0.4.3/___package.npm/package/.gitignore
silly asyncMap in gTP /Users/willgaybrick/.npm/ejs/0.4.3/___package.npm/package/.gitmodules
silly asyncMap in gTP /Users/willgaybrick/.npm/ejs/0.4.3/___package.npm/package/benchmark.js
silly asyncMap in gTP /Users/willgaybrick/.npm/ejs/0.4.3/___package.npm/package/ejs.js
silly asyncMap in gTP /Users/willgaybrick/.npm/ejs/0.4.3/___package.npm/package/ejs.min.js
silly asyncMap in gTP /Users/willgaybrick/.npm/ejs/0.4.3/___package.npm/package/History.md
silly asyncMap in gTP /Users/willgaybrick/.npm/ejs/0.4.3/___package.npm/package/index.js
silly asyncMap in gTP /Users/willgaybrick/.npm/ejs/0.4.3/___package.npm/package/Makefile
silly asyncMap in gTP /Users/willgaybrick/.npm/ejs/0.4.3/___package.npm/package/package.json
silly asyncMap in gTP /Users/willgaybrick/.npm/ejs/0.4.3/___package.npm/package/Readme.md
silly asyncMap in gTP /Users/willgaybrick/.npm/ejs/0.4.3/___package.npm/package/examples
silly asyncMap in gTP /Users/willgaybrick/.npm/ejs/0.4.3/___package.npm/package/examples/client.html
silly asyncMap in gTP /Users/willgaybrick/.npm/ejs/0.4.3/___package.npm/package/examples/list.ejs
silly asyncMap in gTP /Users/willgaybrick/.npm/ejs/0.4.3/___package.npm/package/examples/list.js
silly asyncMap in gTP /Users/willgaybrick/.npm/ejs/0.4.3/___package.npm/package/lib
silly asyncMap in gTP /Users/willgaybrick/.npm/ejs/0.4.3/___package.npm/package/lib/ejs.js
silly asyncMap in gTP /Users/willgaybrick/.npm/ejs/0.4.3/___package.npm/package/lib/filters.js
silly asyncMap in gTP /Users/willgaybrick/.npm/ejs/0.4.3/___package.npm/package/lib/utils.js
silly asyncMap in gTP /Users/willgaybrick/.npm/ejs/0.4.3/___package.npm/package/test
silly asyncMap in gTP /Users/willgaybrick/.npm/ejs/0.4.3/___package.npm/package/test/ejs.test.js
silly asyncMap in gTP /Users/willgaybrick/.npm/ejs/0.4.3/___package.npm/package/support
silly asyncMap in gTP /Users/willgaybrick/.npm/ejs/0.4.3/___package.npm/package/support/compile.js
silly asyncMap in gTP /Users/willgaybrick/.npm/ejs/0.4.3/___package.npm/package/support/expresso
silly asyncMap in gTP /Users/willgaybrick/.npm/ejs/0.4.3/___package.npm/package/support/expresso/.gitignore
silly asyncMap in gTP /Users/willgaybrick/.npm/ejs/0.4.3/___package.npm/package/support/expresso/.gitmodules
silly asyncMap in gTP /Users/willgaybrick/.npm/ejs/0.4.3/___package.npm/package/support/expresso/History.md
silly asyncMap in gTP /Users/willgaybrick/.npm/ejs/0.4.3/___package.npm/package/support/expresso/Makefile
silly asyncMap in gTP /Users/willgaybrick/.npm/ejs/0.4.3/___package.npm/package/support/expresso/package.json
silly asyncMap in gTP /Users/willgaybrick/.npm/ejs/0.4.3/___package.npm/package/support/expresso/Readme.md
silly asyncMap in gTP /Users/willgaybrick/.npm/ejs/0.4.3/___package.npm/package/support/expresso/bin
silly asyncMap in gTP /Users/willgaybrick/.npm/ejs/0.4.3/___package.npm/package/support/expresso/bin/expresso
silly asyncMap in gTP /Users/willgaybrick/.npm/ejs/0.4.3/___package.npm/package/support/expresso/lib
silly asyncMap in gTP /Users/willgaybrick/.npm/ejs/0.4.3/___package.npm/package/support/expresso/lib/bar.js
silly asyncMap in gTP /Users/willgaybrick/.npm/ejs/0.4.3/___package.npm/package/support/expresso/lib/foo.js
silly asyncMap in gTP /Users/willgaybrick/.npm/ejs/0.4.3/___package.npm/package/support/expresso/test
silly asyncMap in gTP /Users/willgaybrick/.npm/ejs/0.4.3/___package.npm/package/support/expresso/test/assert.test.js
silly asyncMap in gTP /Users/willgaybrick/.npm/ejs/0.4.3/___package.npm/package/support/expresso/test/async.test.js
silly asyncMap in gTP /Users/willgaybrick/.npm/ejs/0.4.3/___package.npm/package/support/expresso/test/bar.test.js
silly asyncMap in gTP /Users/willgaybrick/.npm/ejs/0.4.3/___package.npm/package/support/expresso/test/foo.test.js
silly asyncMap in gTP /Users/willgaybrick/.npm/ejs/0.4.3/___package.npm/package/support/expresso/test/http.test.js
silly asyncMap in gTP /Users/willgaybrick/.npm/ejs/0.4.3/___package.npm/package/support/expresso/docs
silly asyncMap in gTP /Users/willgaybrick/.npm/ejs/0.4.3/___package.npm/package/support/expresso/docs/api.html
silly asyncMap in gTP /Users/willgaybrick/.npm/ejs/0.4.3/___package.npm/package/support/expresso/docs/index.html
silly asyncMap in gTP /Users/willgaybrick/.npm/ejs/0.4.3/___package.npm/package/support/expresso/docs/index.md
silly asyncMap in gTP /Users/willgaybrick/.npm/ejs/0.4.3/___package.npm/package/support/expresso/docs/layout
silly asyncMap in gTP /Users/willgaybrick/.npm/ejs/0.4.3/___package.npm/package/support/expresso/docs/layout/foot.html
silly asyncMap in gTP /Users/willgaybrick/.npm/ejs/0.4.3/___package.npm/package/support/expresso/docs/layout/head.html
verbose gunzed /Users/willgaybrick/.npm/ejs/0.4.3/___package.npm/package
verbose rm'ed /Users/willgaybrick/.npm/ejs/0.4.3/package
verbose renamed [ '/Users/willgaybrick/.npm/ejs/0.4.3/___package.npm/package',
verbose renamed   '/Users/willgaybrick/.npm/ejs/0.4.3/package' ]
silly testEngine { name: 'ejs',
silly testEngine   description: 'Embedded JavaScript templates',
silly testEngine   version: '0.4.3',
silly testEngine   author: 
silly testEngine    { name: 'TJ Holowaychuk',
silly testEngine      email: 'tj@vision-media.ca' },
silly testEngine   keywords: [ 'template', 'engine', 'ejs' ],
silly testEngine   main: './lib/ejs.js',
silly testEngine   _id: 'ejs@0.4.3',
silly testEngine   dependencies: {},
silly testEngine   devDependencies: {},
silly testEngine   engines: { node: '*' },
silly testEngine   _engineSupported: true,
silly testEngine   _npmVersion: '1.0.103',
silly testEngine   _nodeVersion: 'v0.4.11',
silly testEngine   _defaultsLoaded: true,
silly testEngine   dist: { shasum: '7cb70322e7aa75872121c6829d6b9bf584c3a477' },
silly testEngine   scripts: {} }
verbose caching /Users/willgaybrick/.npm/ejs/0.4.3/package/package.json
verbose loadDefaults ejs@0.4.3
silly updated sha bytes 30394
info shasum 7cb70322e7aa75872121c6829d6b9bf584c3a477
info shasum /Users/willgaybrick/.npm/ejs/0.4.3/package.tgz
verbose from cache /Users/willgaybrick/.npm/ejs/0.4.3/package/package.json
verbose chmod /Users/willgaybrick/.npm/ejs/0.4.3/package.tgz 644
verbose chown [ '/Users/willgaybrick/.npm/ejs/0.4.3/package.tgz',
verbose chown   501,
verbose chown   20 ]
silly resolved [ { name: 'express',
silly resolved     description: 'Sinatra inspired web development framework',
silly resolved     version: '2.5.0',
silly resolved     author: 
silly resolved      { name: 'TJ Holowaychuk',
silly resolved        email: 'tj@vision-media.ca' },
silly resolved     contributors: 
silly resolved      [ { name: 'TJ Holowaychuk',
silly resolved          email: 'tj@vision-media.ca' },
silly resolved        { name: 'Aaron Heckmann',
silly resolved          email: 'aaron.heckmann+github@gmail.com' },
silly resolved        { name: 'Ciaran Jessup', email: 'ciaranj@gmail.com' },
silly resolved        { name: 'Guillermo Rauch', email: 'rauchg@gmail.com' } ],
silly resolved     dependencies: 
silly resolved      { connect: '1.7.x',
silly resolved        mime: '>= 0.0.1',
silly resolved        qs: '>= 0.3.1',
silly resolved        mkdirp: '0.0.7' },
silly resolved     devDependencies: 
silly resolved      { 'connect-form': '0.2.1',
silly resolved        ejs: '0.4.2',
silly resolved        expresso: '0.9.2',
silly resolved        hamljs: '0.5.1',
silly resolved        jade: '0.16.2',
silly resolved        stylus: '0.13.0',
silly resolved        should: '0.3.2',
silly resolved        'express-messages': '0.0.2',
silly resolved        'node-markdown': '>= 0.0.1',
silly resolved        'connect-redis': '>= 0.0.1' },
silly resolved     keywords: [ 'framework', 'sinatra', 'web', 'rest', 'restful' ],
silly resolved     repository: 
silly resolved      { type: 'git',
silly resolved        url: 'git://github.com/visionmedia/express.git' },
silly resolved     main: 'index',
silly resolved     bin: { express: './bin/express' },
silly resolved     scripts: { test: 'make test', prepublish: 'npm prune' },
silly resolved     engines: { node: '>= 0.4.1 < 0.7.0' },
silly resolved     _id: 'express@2.5.0',
silly resolved     _engineSupported: true,
silly resolved     _npmVersion: '1.0.103',
silly resolved     _nodeVersion: 'v0.4.11',
silly resolved     _defaultsLoaded: true,
silly resolved     dist: { shasum: '5c849d85688aebe4570815705aaf2b2c4ec24a37' } },
silly resolved   { name: 'ejs',
silly resolved     description: 'Embedded JavaScript templates',
silly resolved     version: '0.4.3',
silly resolved     author: 
silly resolved      { name: 'TJ Holowaychuk',
silly resolved        email: 'tj@vision-media.ca' },
silly resolved     keywords: [ 'template', 'engine', 'ejs' ],
silly resolved     main: './lib/ejs.js',
silly resolved     _id: 'ejs@0.4.3',
silly resolved     dependencies: {},
silly resolved     devDependencies: {},
silly resolved     engines: { node: '*' },
silly resolved     _engineSupported: true,
silly resolved     _npmVersion: '1.0.103',
silly resolved     _nodeVersion: 'v0.4.11',
silly resolved     _defaultsLoaded: true,
silly resolved     dist: { shasum: '7cb70322e7aa75872121c6829d6b9bf584c3a477' },
silly resolved     scripts: {} } ]
info into /Users/willgaybrick/programming/projects/crushFlow express@2.5.0
info into /Users/willgaybrick/programming/projects/crushFlow ejs@0.4.3
info installOne express@2.5.0
info installOne ejs@0.4.3
info unbuild /Users/willgaybrick/programming/projects/crushFlow/node_modules/express
info unbuild /Users/willgaybrick/programming/projects/crushFlow/node_modules/ejs
verbose from cache /Users/willgaybrick/.npm/express/2.5.0/package/package.json
verbose from cache /Users/willgaybrick/.npm/ejs/0.4.3/package/package.json
verbose mkdir (expected) error ENOENT, No such file or directory '/Users/willgaybrick/programming/projects/crushFlow/node_modules'
verbose mkdir (expected) error ENOENT, No such file or directory '/Users/willgaybrick/programming/projects/crushFlow/node_modules'
verbose mkdir (expected) error ENOENT, No such file or directory '/Users/willgaybrick/programming/projects/crushFlow/node_modules/___express.npm'
verbose mkdir (expected) error ENOENT, No such file or directory '/Users/willgaybrick/programming/projects/crushFlow/node_modules/___ejs.npm'
verbose mkdir done: /Users/willgaybrick/programming/projects/crushFlow/node_modules/___express.npm 755
verbose mkdir done: /Users/willgaybrick/programming/projects/crushFlow/node_modules/___ejs.npm 755
verbose unpack_ uid, gid [ undefined, undefined ]
verbose unpackTarget /Users/willgaybrick/programming/projects/crushFlow/node_modules/express
silly gunzTarPerm modes [ '755', '644' ]
silly spawning [ 'tar',
silly spawning   [ '-zmvxpf',
silly spawning     '/Users/willgaybrick/.npm/express/2.5.0/package.tgz' ],
silly spawning   '/Users/willgaybrick/programming/projects/crushFlow/node_modules/___express.npm' ]
verbose unpack_ uid, gid [ undefined, undefined ]
verbose unpackTarget /Users/willgaybrick/programming/projects/crushFlow/node_modules/ejs
silly gunzTarPerm modes [ '755', '644' ]
silly spawning [ 'tar',
silly spawning   [ '-zmvxpf',
silly spawning     '/Users/willgaybrick/.npm/ejs/0.4.3/package.tgz' ],
silly spawning   '/Users/willgaybrick/programming/projects/crushFlow/node_modules/___ejs.npm' ]
silly tar out package/.gitignore
silly tar out package/.npmignore
silly tar out package/.gitmodules
silly tar out package/benchmark.js
silly tar out package/History.md
silly tar out package/ejs.js
silly tar out package/ejs.min.js
silly tar out package/History.md
silly tar out package/index.js
silly tar out package/Makefile
silly tar out package/index.js
silly tar out package/package.json
silly tar out package/Readme.md
silly tar out package/examples/client.html
silly tar out package/LICENSE
silly tar out package/Makefile
silly tar out package/package.json
silly tar out package/Readme.md
silly tar out package/examples/list.ejs
silly tar out package/examples/list.js
silly tar out package/lib/ejs.js
silly tar out package/lib/filters.js
silly tar out package/lib/utils.js
silly tar out package/test/ejs.test.js
silly tar out package/support/compile.js
silly tar out package/bin/express
silly tar out package/lib/express.js
silly tar out package/support/expresso/.gitignore
silly tar out package/lib/http.js
silly tar out package/support/expresso/.gitmodules
silly tar out package/support/expresso/History.md
silly tar out package/lib/https.js
silly tar out package/lib/request.js
silly tar out package/lib/response.js
silly tar out package/lib/utils.js
silly tar out package/lib/view.js
silly tar out package/lib/router/collection.js
silly tar out package/lib/router/index.js
silly tar out package/lib/router/methods.js
silly tar out package/lib/router/route.js
silly tar out package/lib/view/partial.js
silly tar out package/support/expresso/Makefile
silly tar out package/support/expresso/package.json
silly tar out package/support/expresso/Readme.md
silly tar out package/support/expresso/bin/expresso
silly tar out package/support/expresso/lib/bar.js
silly tar out package/support/expresso/lib/foo.js
silly tar out package/lib/view/view.js
silly tar out package/support/expresso/test/assert.test.js
silly tar out package/testing/index.js
silly tar out package/testing/public/test.txt
silly tar out package/testing/views/page.html
silly tar out package/testing/views/page.jade
silly tar out package/testing/views/test.md
silly tar out package/testing/views/user/index.jade
silly tar out package/testing/views/user/list.jade
silly tar out package/support/expresso/test/async.test.js
silly tar out package/support/expresso/test/bar.test.js
silly asyncMap in gTP /Users/willgaybrick/programming/projects/crushFlow/node_modules/___express.npm/package
silly asyncMap in gTP /Users/willgaybrick/programming/projects/crushFlow/node_modules/___express.npm/package/.npmignore
silly asyncMap in gTP /Users/willgaybrick/programming/projects/crushFlow/node_modules/___express.npm/package/History.md
silly asyncMap in gTP /Users/willgaybrick/programming/projects/crushFlow/node_modules/___express.npm/package/index.js
silly asyncMap in gTP /Users/willgaybrick/programming/projects/crushFlow/node_modules/___express.npm/package/LICENSE
silly asyncMap in gTP /Users/willgaybrick/programming/projects/crushFlow/node_modules/___express.npm/package/Makefile
silly asyncMap in gTP /Users/willgaybrick/programming/projects/crushFlow/node_modules/___express.npm/package/package.json
silly asyncMap in gTP /Users/willgaybrick/programming/projects/crushFlow/node_modules/___express.npm/package/Readme.md
silly asyncMap in gTP /Users/willgaybrick/programming/projects/crushFlow/node_modules/___express.npm/package/bin
silly asyncMap in gTP /Users/willgaybrick/programming/projects/crushFlow/node_modules/___express.npm/package/bin/express
silly asyncMap in gTP /Users/willgaybrick/programming/projects/crushFlow/node_modules/___express.npm/package/lib
silly asyncMap in gTP /Users/willgaybrick/programming/projects/crushFlow/node_modules/___express.npm/package/lib/express.js
silly asyncMap in gTP /Users/willgaybrick/programming/projects/crushFlow/node_modules/___express.npm/package/lib/http.js
silly asyncMap in gTP /Users/willgaybrick/programming/projects/crushFlow/node_modules/___express.npm/package/lib/https.js
silly asyncMap in gTP /Users/willgaybrick/programming/projects/crushFlow/node_modules/___express.npm/package/lib/request.js
silly asyncMap in gTP /Users/willgaybrick/programming/projects/crushFlow/node_modules/___express.npm/package/lib/response.js
silly asyncMap in gTP /Users/willgaybrick/programming/projects/crushFlow/node_modules/___express.npm/package/lib/utils.js
silly asyncMap in gTP /Users/willgaybrick/programming/projects/crushFlow/node_modules/___express.npm/package/lib/view.js
silly asyncMap in gTP /Users/willgaybrick/programming/projects/crushFlow/node_modules/___express.npm/package/lib/router
silly asyncMap in gTP /Users/willgaybrick/programming/projects/crushFlow/node_modules/___express.npm/package/lib/router/collection.js
silly asyncMap in gTP /Users/willgaybrick/programming/projects/crushFlow/node_modules/___express.npm/package/lib/router/index.js
silly asyncMap in gTP /Users/willgaybrick/programming/projects/crushFlow/node_modules/___express.npm/package/lib/router/methods.js
silly asyncMap in gTP /Users/willgaybrick/programming/projects/crushFlow/node_modules/___express.npm/package/lib/router/route.js
silly asyncMap in gTP /Users/willgaybrick/programming/projects/crushFlow/node_modules/___express.npm/package/lib/view
silly asyncMap in gTP /Users/willgaybrick/programming/projects/crushFlow/node_modules/___express.npm/package/lib/view/partial.js
silly asyncMap in gTP /Users/willgaybrick/programming/projects/crushFlow/node_modules/___express.npm/package/lib/view/view.js
silly asyncMap in gTP /Users/willgaybrick/programming/projects/crushFlow/node_modules/___express.npm/package/testing
silly asyncMap in gTP /Users/willgaybrick/programming/projects/crushFlow/node_modules/___express.npm/package/testing/index.js
silly asyncMap in gTP /Users/willgaybrick/programming/projects/crushFlow/node_modules/___express.npm/package/testing/public
silly asyncMap in gTP /Users/willgaybrick/programming/projects/crushFlow/node_modules/___express.npm/package/testing/public/test.txt
silly asyncMap in gTP /Users/willgaybrick/programming/projects/crushFlow/node_modules/___express.npm/package/testing/views
silly asyncMap in gTP /Users/willgaybrick/programming/projects/crushFlow/node_modules/___express.npm/package/testing/views/page.html
silly asyncMap in gTP /Users/willgaybrick/programming/projects/crushFlow/node_modules/___express.npm/package/testing/views/page.jade
silly asyncMap in gTP /Users/willgaybrick/programming/projects/crushFlow/node_modules/___express.npm/package/testing/views/test.md
silly asyncMap in gTP /Users/willgaybrick/programming/projects/crushFlow/node_modules/___express.npm/package/testing/views/user
silly asyncMap in gTP /Users/willgaybrick/programming/projects/crushFlow/node_modules/___express.npm/package/testing/views/user/index.jade
silly asyncMap in gTP /Users/willgaybrick/programming/projects/crushFlow/node_modules/___express.npm/package/testing/views/user/list.jade
silly tar out package/support/expresso/test/foo.test.js
silly tar out package/support/expresso/test/http.test.js
verbose gunzed /Users/willgaybrick/programming/projects/crushFlow/node_modules/___express.npm/package
verbose rm'ed /Users/willgaybrick/programming/projects/crushFlow/node_modules/express
verbose renamed [ '/Users/willgaybrick/programming/projects/crushFlow/node_modules/___express.npm/package',
verbose renamed   '/Users/willgaybrick/programming/projects/crushFlow/node_modules/express' ]
silly testEngine { name: 'express',
silly testEngine   description: 'Sinatra inspired web development framework',
silly testEngine   version: '2.5.0',
silly testEngine   author: 
silly testEngine    { name: 'TJ Holowaychuk',
silly testEngine      email: 'tj@vision-media.ca' },
silly testEngine   contributors: 
silly testEngine    [ { name: 'TJ Holowaychuk',
silly testEngine        email: 'tj@vision-media.ca' },
silly testEngine      { name: 'Aaron Heckmann',
silly testEngine        email: 'aaron.heckmann+github@gmail.com' },
silly testEngine      { name: 'Ciaran Jessup', email: 'ciaranj@gmail.com' },
silly testEngine      { name: 'Guillermo Rauch', email: 'rauchg@gmail.com' } ],
silly testEngine   dependencies: 
silly testEngine    { connect: '1.7.x',
silly testEngine      mime: '>= 0.0.1',
silly testEngine      qs: '>= 0.3.1',
silly testEngine      mkdirp: '0.0.7' },
silly testEngine   devDependencies: 
silly testEngine    { 'connect-form': '0.2.1',
silly testEngine      ejs: '0.4.2',
silly testEngine      expresso: '0.9.2',
silly testEngine      hamljs: '0.5.1',
silly testEngine      jade: '0.16.2',
silly testEngine      stylus: '0.13.0',
silly testEngine      should: '0.3.2',
silly testEngine      'express-messages': '0.0.2',
silly testEngine      'node-markdown': '>= 0.0.1',
silly testEngine      'connect-redis': '>= 0.0.1' },
silly testEngine   keywords: [ 'framework', 'sinatra', 'web', 'rest', 'restful' ],
silly testEngine   repository: 
silly testEngine    { type: 'git',
silly testEngine      url: 'git://github.com/visionmedia/express.git' },
silly testEngine   main: 'index',
silly testEngine   bin: { express: './bin/express' },
silly testEngine   scripts: { test: 'make test', prepublish: 'npm prune' },
silly testEngine   engines: { node: '>= 0.4.1 < 0.7.0' },
silly testEngine   _id: 'express@2.5.0',
silly testEngine   _engineSupported: true,
silly testEngine   _npmVersion: '1.0.103',
silly testEngine   _nodeVersion: 'v0.4.11',
silly testEngine   _defaultsLoaded: true }
verbose caching /Users/willgaybrick/programming/projects/crushFlow/node_modules/express/package.json
verbose loadDefaults express@2.5.0
info preinstall express@2.5.0
silly tar out package/support/expresso/docs/api.html
verbose from cache /Users/willgaybrick/programming/projects/crushFlow/node_modules/express/package.json
verbose into /Users/willgaybrick/programming/projects/crushFlow/node_modules/express [ 'connect@1.7.x',
verbose into /Users/willgaybrick/programming/projects/crushFlow/node_modules/express   'mime@>= 0.0.1',
verbose into /Users/willgaybrick/programming/projects/crushFlow/node_modules/express   'qs@>= 0.3.1',
verbose into /Users/willgaybrick/programming/projects/crushFlow/node_modules/express   'mkdirp@0.0.7' ]
verbose cache add connect@1.7.x
verbose cache add [ 'connect@1.7.x', null ]
silly cache add: name, spec, args [ undefined,
silly cache add: name, spec, args   'connect@1.7.x',
silly cache add: name, spec, args   [ 'connect@1.7.x', null ] ]
verbose parsed url { pathname: 'connect@1.7.x', href: 'connect@1.7.x' }
silly cache add: name, spec, args [ 'connect', '1.7.x', [ 'connect', '1.7.x' ] ]
verbose parsed url { pathname: '1.7.x', href: '1.7.x' }
info addNamed [ 'connect', '1.7.x' ]
verbose addNamed [ null, '>=1.7.0- <1.8.0-' ]
silly tar out package/support/expresso/docs/index.html
verbose cache add mime@>= 0.0.1
verbose cache add [ 'mime@>= 0.0.1', null ]
silly cache add: name, spec, args [ undefined,
silly cache add: name, spec, args   'mime@>= 0.0.1',
silly cache add: name, spec, args   [ 'mime@>= 0.0.1', null ] ]
verbose parsed url { pathname: 'mime@', href: 'mime@' }
silly cache add: name, spec, args [ 'mime', '>= 0.0.1', [ 'mime', '>= 0.0.1' ] ]
verbose parsed url { pathname: '=', href: '=' }
info addNamed [ 'mime', '>= 0.0.1' ]
verbose addNamed [ null, '>=0.0.1' ]
verbose cache add qs@>= 0.3.1
verbose cache add [ 'qs@>= 0.3.1', null ]
silly cache add: name, spec, args [ undefined, 'qs@>= 0.3.1', [ 'qs@>= 0.3.1', null ] ]
verbose parsed url { pathname: 'qs@', href: 'qs@' }
silly cache add: name, spec, args [ 'qs', '>= 0.3.1', [ 'qs', '>= 0.3.1' ] ]
verbose parsed url { pathname: '=', href: '=' }
info addNamed [ 'qs', '>= 0.3.1' ]
verbose addNamed [ null, '>=0.3.1' ]
verbose cache add mkdirp@0.0.7
verbose cache add [ 'mkdirp@0.0.7', null ]
silly cache add: name, spec, args [ undefined, 'mkdirp@0.0.7', [ 'mkdirp@0.0.7', null ] ]
verbose parsed url { pathname: 'mkdirp@0.0.7', href: 'mkdirp@0.0.7' }
silly cache add: name, spec, args [ 'mkdirp', '0.0.7', [ 'mkdirp', '0.0.7' ] ]
verbose parsed url { pathname: '0.0.7', href: '0.0.7' }
info addNamed [ 'mkdirp', '0.0.7' ]
verbose addNamed [ '0.0.7', '0.0.7' ]
verbose GET mkdirp/0.0.7
verbose raw, before any munging mkdirp/0.0.7
verbose url resolving [ 'https://registry.npmjs.org/', './mkdirp/0.0.7' ]
verbose url resolved https://registry.npmjs.org/mkdirp/0.0.7
silly tar out package/support/expresso/docs/index.md
silly tar out package/support/expresso/docs/layout/foot.html
silly tar out package/support/expresso/docs/layout/head.html
silly asyncMap in gTP /Users/willgaybrick/programming/projects/crushFlow/node_modules/___ejs.npm/package
silly asyncMap in gTP /Users/willgaybrick/programming/projects/crushFlow/node_modules/___ejs.npm/package/.gitignore
silly asyncMap in gTP /Users/willgaybrick/programming/projects/crushFlow/node_modules/___ejs.npm/package/.gitmodules
silly asyncMap in gTP /Users/willgaybrick/programming/projects/crushFlow/node_modules/___ejs.npm/package/benchmark.js
silly asyncMap in gTP /Users/willgaybrick/programming/projects/crushFlow/node_modules/___ejs.npm/package/ejs.js
silly asyncMap in gTP /Users/willgaybrick/programming/projects/crushFlow/node_modules/___ejs.npm/package/ejs.min.js
silly asyncMap in gTP /Users/willgaybrick/programming/projects/crushFlow/node_modules/___ejs.npm/package/History.md
silly asyncMap in gTP /Users/willgaybrick/programming/projects/crushFlow/node_modules/___ejs.npm/package/index.js
silly asyncMap in gTP /Users/willgaybrick/programming/projects/crushFlow/node_modules/___ejs.npm/package/Makefile
silly asyncMap in gTP /Users/willgaybrick/programming/projects/crushFlow/node_modules/___ejs.npm/package/package.json
silly asyncMap in gTP /Users/willgaybrick/programming/projects/crushFlow/node_modules/___ejs.npm/package/Readme.md
silly asyncMap in gTP /Users/willgaybrick/programming/projects/crushFlow/node_modules/___ejs.npm/package/examples
silly asyncMap in gTP /Users/willgaybrick/programming/projects/crushFlow/node_modules/___ejs.npm/package/examples/client.html
silly asyncMap in gTP /Users/willgaybrick/programming/projects/crushFlow/node_modules/___ejs.npm/package/examples/list.ejs
silly asyncMap in gTP /Users/willgaybrick/programming/projects/crushFlow/node_modules/___ejs.npm/package/examples/list.js
silly asyncMap in gTP /Users/willgaybrick/programming/projects/crushFlow/node_modules/___ejs.npm/package/lib
silly asyncMap in gTP /Users/willgaybrick/programming/projects/crushFlow/node_modules/___ejs.npm/package/lib/ejs.js
silly asyncMap in gTP /Users/willgaybrick/programming/projects/crushFlow/node_modules/___ejs.npm/package/lib/filters.js
silly asyncMap in gTP /Users/willgaybrick/programming/projects/crushFlow/node_modules/___ejs.npm/package/lib/utils.js
silly asyncMap in gTP /Users/willgaybrick/programming/projects/crushFlow/node_modules/___ejs.npm/package/test
silly asyncMap in gTP /Users/willgaybrick/programming/projects/crushFlow/node_modules/___ejs.npm/package/test/ejs.test.js
silly asyncMap in gTP /Users/willgaybrick/programming/projects/crushFlow/node_modules/___ejs.npm/package/support
silly asyncMap in gTP /Users/willgaybrick/programming/projects/crushFlow/node_modules/___ejs.npm/package/support/compile.js
silly asyncMap in gTP /Users/willgaybrick/programming/projects/crushFlow/node_modules/___ejs.npm/package/support/expresso
silly asyncMap in gTP /Users/willgaybrick/programming/projects/crushFlow/node_modules/___ejs.npm/package/support/expresso/.gitignore
silly asyncMap in gTP /Users/willgaybrick/programming/projects/crushFlow/node_modules/___ejs.npm/package/support/expresso/.gitmodules
silly asyncMap in gTP /Users/willgaybrick/programming/projects/crushFlow/node_modules/___ejs.npm/package/support/expresso/History.md
silly asyncMap in gTP /Users/willgaybrick/programming/projects/crushFlow/node_modules/___ejs.npm/package/support/expresso/Makefile
silly asyncMap in gTP /Users/willgaybrick/programming/projects/crushFlow/node_modules/___ejs.npm/package/support/expresso/package.json
silly asyncMap in gTP /Users/willgaybrick/programming/projects/crushFlow/node_modules/___ejs.npm/package/support/expresso/Readme.md
silly asyncMap in gTP /Users/willgaybrick/programming/projects/crushFlow/node_modules/___ejs.npm/package/support/expresso/bin
silly asyncMap in gTP /Users/willgaybrick/programming/projects/crushFlow/node_modules/___ejs.npm/package/support/expresso/bin/expresso
silly asyncMap in gTP /Users/willgaybrick/programming/projects/crushFlow/node_modules/___ejs.npm/package/support/expresso/lib
silly asyncMap in gTP /Users/willgaybrick/programming/projects/crushFlow/node_modules/___ejs.npm/package/support/expresso/lib/bar.js
silly asyncMap in gTP /Users/willgaybrick/programming/projects/crushFlow/node_modules/___ejs.npm/package/support/expresso/lib/foo.js
silly asyncMap in gTP /Users/willgaybrick/programming/projects/crushFlow/node_modules/___ejs.npm/package/support/expresso/test
silly asyncMap in gTP /Users/willgaybrick/programming/projects/crushFlow/node_modules/___ejs.npm/package/support/expresso/test/assert.test.js
silly asyncMap in gTP /Users/willgaybrick/programming/projects/crushFlow/node_modules/___ejs.npm/package/support/expresso/test/async.test.js
silly asyncMap in gTP /Users/willgaybrick/programming/projects/crushFlow/node_modules/___ejs.npm/package/support/expresso/test/bar.test.js
silly asyncMap in gTP /Users/willgaybrick/programming/projects/crushFlow/node_modules/___ejs.npm/package/support/expresso/test/foo.test.js
silly asyncMap in gTP /Users/willgaybrick/programming/projects/crushFlow/node_modules/___ejs.npm/package/support/expresso/test/http.test.js
silly asyncMap in gTP /Users/willgaybrick/programming/projects/crushFlow/node_modules/___ejs.npm/package/support/expresso/docs
silly asyncMap in gTP /Users/willgaybrick/programming/projects/crushFlow/node_modules/___ejs.npm/package/support/expresso/docs/api.html
silly asyncMap in gTP /Users/willgaybrick/programming/projects/crushFlow/node_modules/___ejs.npm/package/support/expresso/docs/index.html
silly asyncMap in gTP /Users/willgaybrick/programming/projects/crushFlow/node_modules/___ejs.npm/package/support/expresso/docs/index.md
silly asyncMap in gTP /Users/willgaybrick/programming/projects/crushFlow/node_modules/___ejs.npm/package/support/expresso/docs/layout
silly asyncMap in gTP /Users/willgaybrick/programming/projects/crushFlow/node_modules/___ejs.npm/package/support/expresso/docs/layout/foot.html
silly asyncMap in gTP /Users/willgaybrick/programming/projects/crushFlow/node_modules/___ejs.npm/package/support/expresso/docs/layout/head.html
verbose gunzed /Users/willgaybrick/programming/projects/crushFlow/node_modules/___ejs.npm/package
verbose rm'ed /Users/willgaybrick/programming/projects/crushFlow/node_modules/ejs
verbose renamed [ '/Users/willgaybrick/programming/projects/crushFlow/node_modules/___ejs.npm/package',
verbose renamed   '/Users/willgaybrick/programming/projects/crushFlow/node_modules/ejs' ]
silly testEngine { name: 'ejs',
silly testEngine   description: 'Embedded JavaScript templates',
silly testEngine   version: '0.4.3',
silly testEngine   author: 
silly testEngine    { name: 'TJ Holowaychuk',
silly testEngine      email: 'tj@vision-media.ca' },
silly testEngine   keywords: [ 'template', 'engine', 'ejs' ],
silly testEngine   main: './lib/ejs.js',
silly testEngine   _id: 'ejs@0.4.3',
silly testEngine   dependencies: {},
silly testEngine   devDependencies: {},
silly testEngine   engines: { node: '*' },
silly testEngine   _engineSupported: true,
silly testEngine   _npmVersion: '1.0.103',
silly testEngine   _nodeVersion: 'v0.4.11',
silly testEngine   _defaultsLoaded: true,
silly testEngine   scripts: {} }
verbose caching /Users/willgaybrick/programming/projects/crushFlow/node_modules/ejs/package.json
verbose loadDefaults ejs@0.4.3
info preinstall ejs@0.4.3
verbose from cache /Users/willgaybrick/programming/projects/crushFlow/node_modules/ejs/package.json
verbose into /Users/willgaybrick/programming/projects/crushFlow/node_modules/ejs []
silly resolved []
verbose about to build /Users/willgaybrick/programming/projects/crushFlow/node_modules/ejs
info build /Users/willgaybrick/programming/projects/crushFlow/node_modules/ejs
verbose from cache /Users/willgaybrick/programming/projects/crushFlow/node_modules/ejs/package.json
verbose linkStuff [ false,
verbose linkStuff   false,
verbose linkStuff   false,
verbose linkStuff   '/Users/willgaybrick/programming/projects/crushFlow/node_modules' ]
info linkStuff ejs@0.4.3
verbose linkBins ejs@0.4.3
verbose linkMans ejs@0.4.3
verbose rebuildBundles ejs@0.4.3
info install ejs@0.4.3
info postinstall ejs@0.4.3
verbose installOne cb ejs@0.4.3
verbose GET qs
verbose raw, before any munging qs
verbose url resolving [ 'https://registry.npmjs.org/', './qs' ]
verbose url resolved https://registry.npmjs.org/qs
verbose etag "244LHKUP7O9P8OXEXCD864EYR"
verbose GET mime
verbose raw, before any munging mime
verbose url resolving [ 'https://registry.npmjs.org/', './mime' ]
verbose url resolved https://registry.npmjs.org/mime
verbose etag "33XAT3Y5RI3RTY6516BEZMNPC"
verbose GET connect
verbose raw, before any munging connect
verbose url resolving [ 'https://registry.npmjs.org/', './connect' ]
verbose url resolved https://registry.npmjs.org/connect
verbose etag "A7RB61H3Y26KS14QBPG92GHHJ"
silly get cb [ 200,
silly get cb   { vary: 'Accept',
silly get cb     server: 'CouchDB/1.1.0 (Erlang OTP/R14B04)',
silly get cb     etag: '"BWTJEWNZJDGUCT70ZBX9FPPPN"',
silly get cb     date: 'Fri, 18 Nov 2011 05:33:42 GMT',
silly get cb     'content-type': 'application/json',
silly get cb     'content-length': '789' } ]
verbose mkdir (expected) error ENOENT, No such file or directory '/Users/willgaybrick/.npm/mkdirp'
verbose mkdir (expected) error ENOENT, No such file or directory '/Users/willgaybrick/.npm/mkdirp/0.0.7'
verbose mkdir done: /Users/willgaybrick/.npm/mkdirp/0.0.7 755
verbose bin dist [ '0.4-ares1.7.4-ev4.4-openssl0.9.8r-v83.1.8.26-darwin-11.2.0',
verbose bin dist   { shasum: 'd89b4f0e4c3e5e5ca54235931675e094fe1a5072',
verbose bin dist     tarball: 'http://registry.npmjs.org/mkdirp/-/mkdirp-0.0.7.tgz' } ]
verbose addRemoteTarball [ 'https://registry.npmjs.org/mkdirp/-/mkdirp-0.0.7.tgz',
verbose addRemoteTarball   'd89b4f0e4c3e5e5ca54235931675e094fe1a5072' ]
verbose mkdir (expected) error ENOENT, No such file or directory '/var/folders/6v/7rf3gx696xg5td6bfqr3rj7r0000gn/T/npm-1321594420715/1321594422605-0.1102234919089824'
verbose mkdir done: /var/folders/6v/7rf3gx696xg5td6bfqr3rj7r0000gn/T/npm-1321594420715/1321594422605-0.1102234919089824 755
info fetch https://registry.npmjs.org/mkdirp/-/mkdirp-0.0.7.tgz
verbose fetch to /var/folders/6v/7rf3gx696xg5td6bfqr3rj7r0000gn/T/npm-1321594420715/1321594422605-0.1102234919089824/tmp.tgz
silly get cb [ 200,
silly get cb   { vary: 'Accept',
silly get cb     server: 'CouchDB/1.1.0 (Erlang OTP/R14B04)',
silly get cb     etag: '"4F5TS9SMAWN4AKJJNG8TBH0TX"',
silly get cb     date: 'Fri, 18 Nov 2011 05:33:42 GMT',
silly get cb     'content-type': 'application/json',
silly get cb     'content-length': '7929' } ]
verbose GET qs/0.3.2
verbose raw, before any munging qs/0.3.2
verbose url resolving [ 'https://registry.npmjs.org/', './qs/0.3.2' ]
verbose url resolved https://registry.npmjs.org/qs/0.3.2
silly get cb [ 200,
silly get cb   { vary: 'Accept',
silly get cb     server: 'CouchDB/1.1.0 (Erlang OTP/R14B04)',
silly get cb     etag: '"7MZNZPESAB7VHU2OR75BCFXOM"',
silly get cb     date: 'Fri, 18 Nov 2011 05:33:42 GMT',
silly get cb     'content-type': 'application/json',
silly get cb     'content-length': '5041' } ]
verbose GET mime/1.2.4
verbose raw, before any munging mime/1.2.4
verbose url resolving [ 'https://registry.npmjs.org/', './mime/1.2.4' ]
verbose url resolved https://registry.npmjs.org/mime/1.2.4
verbose etag "33XAT3Y5RI3RTY6516BEZMNPC"
silly get cb [ 200,
silly get cb   { vary: 'Accept',
silly get cb     server: 'CouchDB/1.1.0 (Erlang OTP/R14B04)',
silly get cb     etag: '"4F5TS9SMAWN4AKJJNG8TBH0TX"',
silly get cb     date: 'Fri, 18 Nov 2011 05:33:43 GMT',
silly get cb     'content-type': 'application/json',
silly get cb     'content-length': '738' } ]
verbose mkdir (expected) error ENOENT, No such file or directory '/Users/willgaybrick/.npm/qs/0.3.2'
verbose mkdir done: /Users/willgaybrick/.npm/qs/0.3.2 755
verbose bin dist [ '0.4-ares1.7.4-ev4.4-openssl0.9.8r-v83.1.8.26-darwin-11.2.0',
verbose bin dist   { shasum: '099df444cab947bbadb2bfedda56d33519d6815c',
verbose bin dist     tarball: 'http://registry.npmjs.org/qs/-/qs-0.3.2.tgz' } ]
verbose addRemoteTarball [ 'https://registry.npmjs.org/qs/-/qs-0.3.2.tgz',
verbose addRemoteTarball   '099df444cab947bbadb2bfedda56d33519d6815c' ]
verbose mkdir (expected) error ENOENT, No such file or directory '/var/folders/6v/7rf3gx696xg5td6bfqr3rj7r0000gn/T/npm-1321594420715/1321594423046-0.995018171146512'
verbose mkdir done: /var/folders/6v/7rf3gx696xg5td6bfqr3rj7r0000gn/T/npm-1321594420715/1321594423046-0.995018171146512 755
info fetch https://registry.npmjs.org/qs/-/qs-0.3.2.tgz
verbose fetch to /var/folders/6v/7rf3gx696xg5td6bfqr3rj7r0000gn/T/npm-1321594420715/1321594423046-0.995018171146512/tmp.tgz
silly updated sha bytes 2471
info shasum d89b4f0e4c3e5e5ca54235931675e094fe1a5072
info shasum /var/folders/6v/7rf3gx696xg5td6bfqr3rj7r0000gn/T/npm-1321594420715/1321594422605-0.1102234919089824/tmp.tgz
verbose mkdir (expected) error ENOENT, No such file or directory '/var/folders/6v/7rf3gx696xg5td6bfqr3rj7r0000gn/T/npm-1321594420715/1321594422605-0.1102234919089824/contents'
verbose mkdir (expected) error ENOENT, No such file or directory '/var/folders/6v/7rf3gx696xg5td6bfqr3rj7r0000gn/T/npm-1321594420715/1321594422605-0.1102234919089824/contents/___package.npm'
verbose mkdir done: /var/folders/6v/7rf3gx696xg5td6bfqr3rj7r0000gn/T/npm-1321594420715/1321594422605-0.1102234919089824/contents/___package.npm 755
verbose unpack_ uid, gid [ undefined, undefined ]
verbose unpackTarget /var/folders/6v/7rf3gx696xg5td6bfqr3rj7r0000gn/T/npm-1321594420715/1321594422605-0.1102234919089824/contents/package
silly gunzTarPerm modes [ '755', '644' ]
silly spawning [ 'tar',
silly spawning   [ '-zmvxpf',
silly spawning     '/var/folders/6v/7rf3gx696xg5td6bfqr3rj7r0000gn/T/npm-1321594420715/1321594422605-0.1102234919089824/tmp.tgz' ],
silly spawning   '/var/folders/6v/7rf3gx696xg5td6bfqr3rj7r0000gn/T/npm-1321594420715/1321594422605-0.1102234919089824/contents/___package.npm' ]
silly get cb [ 200,
silly get cb   { vary: 'Accept',
silly get cb     server: 'CouchDB/1.1.0 (Erlang OTP/R14B04)',
silly get cb     etag: '"1AKUTU5DWH0YWNGOIRCWJ18NM"',
silly get cb     date: 'Fri, 18 Nov 2011 05:33:42 GMT',
silly get cb     'content-type': 'application/json',
silly get cb     'content-length': '59363' } ]
verbose GET connect/1.7.3
verbose raw, before any munging connect/1.7.3
verbose url resolving [ 'https://registry.npmjs.org/', './connect/1.7.3' ]
verbose url resolved https://registry.npmjs.org/connect/1.7.3
silly tar out package/index.js
silly tar out package/package.json
silly tar out package/.gitignore.rej
silly tar out package/.gitignore.orig
silly tar out package/README.markdown
silly tar out package/LICENSE
silly tar out package/.gitignore
silly tar out package/examples/pow.js.orig
silly tar out package/examples/pow.js.rej
silly tar out package/examples/pow.js
silly tar out package/test/race.js
silly tar out package/test/rel.js
silly tar out package/test/mkdirp.js
silly asyncMap in gTP /var/folders/6v/7rf3gx696xg5td6bfqr3rj7r0000gn/T/npm-1321594420715/1321594422605-0.1102234919089824/contents/___package.npm/package
silly asyncMap in gTP /var/folders/6v/7rf3gx696xg5td6bfqr3rj7r0000gn/T/npm-1321594420715/1321594422605-0.1102234919089824/contents/___package.npm/package/.gitignore
silly asyncMap in gTP /var/folders/6v/7rf3gx696xg5td6bfqr3rj7r0000gn/T/npm-1321594420715/1321594422605-0.1102234919089824/contents/___package.npm/package/.gitignore.orig
silly asyncMap in gTP /var/folders/6v/7rf3gx696xg5td6bfqr3rj7r0000gn/T/npm-1321594420715/1321594422605-0.1102234919089824/contents/___package.npm/package/.gitignore.rej
silly asyncMap in gTP /var/folders/6v/7rf3gx696xg5td6bfqr3rj7r0000gn/T/npm-1321594420715/1321594422605-0.1102234919089824/contents/___package.npm/package/index.js
silly asyncMap in gTP /var/folders/6v/7rf3gx696xg5td6bfqr3rj7r0000gn/T/npm-1321594420715/1321594422605-0.1102234919089824/contents/___package.npm/package/LICENSE
silly asyncMap in gTP /var/folders/6v/7rf3gx696xg5td6bfqr3rj7r0000gn/T/npm-1321594420715/1321594422605-0.1102234919089824/contents/___package.npm/package/package.json
silly asyncMap in gTP /var/folders/6v/7rf3gx696xg5td6bfqr3rj7r0000gn/T/npm-1321594420715/1321594422605-0.1102234919089824/contents/___package.npm/package/README.markdown
silly asyncMap in gTP /var/folders/6v/7rf3gx696xg5td6bfqr3rj7r0000gn/T/npm-1321594420715/1321594422605-0.1102234919089824/contents/___package.npm/package/examples
silly asyncMap in gTP /var/folders/6v/7rf3gx696xg5td6bfqr3rj7r0000gn/T/npm-1321594420715/1321594422605-0.1102234919089824/contents/___package.npm/package/examples/pow.js
silly asyncMap in gTP /var/folders/6v/7rf3gx696xg5td6bfqr3rj7r0000gn/T/npm-1321594420715/1321594422605-0.1102234919089824/contents/___package.npm/package/examples/pow.js.orig
silly asyncMap in gTP /var/folders/6v/7rf3gx696xg5td6bfqr3rj7r0000gn/T/npm-1321594420715/1321594422605-0.1102234919089824/contents/___package.npm/package/examples/pow.js.rej
silly asyncMap in gTP /var/folders/6v/7rf3gx696xg5td6bfqr3rj7r0000gn/T/npm-1321594420715/1321594422605-0.1102234919089824/contents/___package.npm/package/test
silly asyncMap in gTP /var/folders/6v/7rf3gx696xg5td6bfqr3rj7r0000gn/T/npm-1321594420715/1321594422605-0.1102234919089824/contents/___package.npm/package/test/mkdirp.js
silly asyncMap in gTP /var/folders/6v/7rf3gx696xg5td6bfqr3rj7r0000gn/T/npm-1321594420715/1321594422605-0.1102234919089824/contents/___package.npm/package/test/race.js
silly asyncMap in gTP /var/folders/6v/7rf3gx696xg5td6bfqr3rj7r0000gn/T/npm-1321594420715/1321594422605-0.1102234919089824/contents/___package.npm/package/test/rel.js
verbose gunzed /var/folders/6v/7rf3gx696xg5td6bfqr3rj7r0000gn/T/npm-1321594420715/1321594422605-0.1102234919089824/contents/___package.npm/package
verbose rm'ed /var/folders/6v/7rf3gx696xg5td6bfqr3rj7r0000gn/T/npm-1321594420715/1321594422605-0.1102234919089824/contents/package
verbose renamed [ '/var/folders/6v/7rf3gx696xg5td6bfqr3rj7r0000gn/T/npm-1321594420715/1321594422605-0.1102234919089824/contents/___package.npm/package',
verbose renamed   '/var/folders/6v/7rf3gx696xg5td6bfqr3rj7r0000gn/T/npm-1321594420715/1321594422605-0.1102234919089824/contents/package' ]
silly testEngine { name: 'mkdirp',
silly testEngine   description: 'Recursively mkdir, like `mkdir -p`',
silly testEngine   version: '0.0.7',
silly testEngine   author: 
silly testEngine    { name: 'James Halliday',
silly testEngine      email: 'mail@substack.net',
silly testEngine      url: 'http://substack.net' },
silly testEngine   main: './index',
silly testEngine   keywords: [ 'mkdir', 'directory' ],
silly testEngine   repository: 
silly testEngine    { type: 'git',
silly testEngine      url: 'git://github.com/substack/node-mkdirp.git' },
silly testEngine   scripts: { test: 'node node_modules/tap/bin/tap.js test/*.js' },
silly testEngine   devDependencies: { tap: '0.0.x' },
silly testEngine   license: 'MIT/X11',
silly testEngine   engines: { node: '*' },
silly testEngine   _id: 'mkdirp@0.0.7',
silly testEngine   dependencies: {},
silly testEngine   _engineSupported: true,
silly testEngine   _npmVersion: '1.0.103',
silly testEngine   _nodeVersion: 'v0.4.11',
silly testEngine   _defaultsLoaded: true,
silly testEngine   path: '/var/folders/6v/7rf3gx696xg5td6bfqr3rj7r0000gn/T/npm-1321594420715/1321594422605-0.1102234919089824/contents/package' }
verbose caching /var/folders/6v/7rf3gx696xg5td6bfqr3rj7r0000gn/T/npm-1321594420715/1321594422605-0.1102234919089824/contents/package/package.json
verbose loadDefaults mkdirp@0.0.7
verbose tarball contents [ 'package' ]
verbose from cache /var/folders/6v/7rf3gx696xg5td6bfqr3rj7r0000gn/T/npm-1321594420715/1321594422605-0.1102234919089824/contents/package/package.json
verbose pack /var/folders/6v/7rf3gx696xg5td6bfqr3rj7r0000gn/T/npm-1321594420715/1321594422605-0.1102234919089824/contents/package /Users/willgaybrick/.npm/mkdirp/0.0.7/package.tgz
verbose mkdir'ed /Users/willgaybrick/.npm/mkdirp/0.0.7
verbose tar about to write tar and gzip it.
silly tar args [ '-czvf', '-', '-T', '-' ]
silly spawning [ 'tar',
silly spawning   [ '-czvf', '-', '-T', '-' ],
silly spawning   '/var/folders/6v/7rf3gx696xg5td6bfqr3rj7r0000gn/T/npm-1321594420715/1321594422605-0.1102234919089824/contents' ]
verbose mkdir (expected) error ENOENT, No such file or directory '/Users/willgaybrick/.npm/mkdirp/0.0.7/___package.npm'
verbose mkdir done: /Users/willgaybrick/.npm/mkdirp/0.0.7/___package.npm 755
verbose unpack_ uid, gid [ undefined, undefined ]
verbose unpackTarget /Users/willgaybrick/.npm/mkdirp/0.0.7/package
silly gunzTarPerm modes [ '755', '644' ]
silly spawning [ 'tar',
silly spawning   [ '-zmvxpf',
silly spawning     '/Users/willgaybrick/.npm/mkdirp/0.0.7/package.tgz' ],
silly spawning   '/Users/willgaybrick/.npm/mkdirp/0.0.7/___package.npm' ]
silly tar out package/.gitignore
silly tar out package/.gitignore.orig
silly tar out package/.gitignore.rej
silly tar out package/index.js
silly tar out package/LICENSE
silly tar out package/package.json
silly tar out package/README.markdown
silly tar out package/examples/pow.js
silly tar out package/examples/pow.js.orig
silly tar out package/examples/pow.js.rej
silly tar out package/test/mkdirp.js
silly tar out package/test/race.js
silly tar out package/test/rel.js
silly asyncMap in gTP /Users/willgaybrick/.npm/mkdirp/0.0.7/___package.npm/package
silly asyncMap in gTP /Users/willgaybrick/.npm/mkdirp/0.0.7/___package.npm/package/.gitignore
silly asyncMap in gTP /Users/willgaybrick/.npm/mkdirp/0.0.7/___package.npm/package/.gitignore.orig
silly asyncMap in gTP /Users/willgaybrick/.npm/mkdirp/0.0.7/___package.npm/package/.gitignore.rej
silly asyncMap in gTP /Users/willgaybrick/.npm/mkdirp/0.0.7/___package.npm/package/index.js
silly asyncMap in gTP /Users/willgaybrick/.npm/mkdirp/0.0.7/___package.npm/package/LICENSE
silly asyncMap in gTP /Users/willgaybrick/.npm/mkdirp/0.0.7/___package.npm/package/package.json
silly asyncMap in gTP /Users/willgaybrick/.npm/mkdirp/0.0.7/___package.npm/package/README.markdown
silly asyncMap in gTP /Users/willgaybrick/.npm/mkdirp/0.0.7/___package.npm/package/examples
silly asyncMap in gTP /Users/willgaybrick/.npm/mkdirp/0.0.7/___package.npm/package/examples/pow.js
silly asyncMap in gTP /Users/willgaybrick/.npm/mkdirp/0.0.7/___package.npm/package/examples/pow.js.orig
silly asyncMap in gTP /Users/willgaybrick/.npm/mkdirp/0.0.7/___package.npm/package/examples/pow.js.rej
silly asyncMap in gTP /Users/willgaybrick/.npm/mkdirp/0.0.7/___package.npm/package/test
silly asyncMap in gTP /Users/willgaybrick/.npm/mkdirp/0.0.7/___package.npm/package/test/mkdirp.js
silly asyncMap in gTP /Users/willgaybrick/.npm/mkdirp/0.0.7/___package.npm/package/test/race.js
silly asyncMap in gTP /Users/willgaybrick/.npm/mkdirp/0.0.7/___package.npm/package/test/rel.js
verbose gunzed /Users/willgaybrick/.npm/mkdirp/0.0.7/___package.npm/package
verbose rm'ed /Users/willgaybrick/.npm/mkdirp/0.0.7/package
verbose renamed [ '/Users/willgaybrick/.npm/mkdirp/0.0.7/___package.npm/package',
verbose renamed   '/Users/willgaybrick/.npm/mkdirp/0.0.7/package' ]
silly testEngine { name: 'mkdirp',
silly testEngine   description: 'Recursively mkdir, like `mkdir -p`',
silly testEngine   version: '0.0.7',
silly testEngine   author: 
silly testEngine    { name: 'James Halliday',
silly testEngine      email: 'mail@substack.net',
silly testEngine      url: 'http://substack.net' },
silly testEngine   main: './index',
silly testEngine   keywords: [ 'mkdir', 'directory' ],
silly testEngine   repository: 
silly testEngine    { type: 'git',
silly testEngine      url: 'git://github.com/substack/node-mkdirp.git' },
silly testEngine   scripts: { test: 'node node_modules/tap/bin/tap.js test/*.js' },
silly testEngine   devDependencies: { tap: '0.0.x' },
silly testEngine   license: 'MIT/X11',
silly testEngine   engines: { node: '*' },
silly testEngine   _id: 'mkdirp@0.0.7',
silly testEngine   dependencies: {},
silly testEngine   _engineSupported: true,
silly testEngine   _npmVersion: '1.0.103',
silly testEngine   _nodeVersion: 'v0.4.11',
silly testEngine   _defaultsLoaded: true,
silly testEngine   dist: { shasum: '0d1da784d603a2425d183c2606a6566d444ba4b8' } }
verbose caching /Users/willgaybrick/.npm/mkdirp/0.0.7/package/package.json
verbose loadDefaults mkdirp@0.0.7
silly updated sha bytes 2475
info shasum 0d1da784d603a2425d183c2606a6566d444ba4b8
info shasum /Users/willgaybrick/.npm/mkdirp/0.0.7/package.tgz
verbose from cache /Users/willgaybrick/.npm/mkdirp/0.0.7/package/package.json
verbose chmod /Users/willgaybrick/.npm/mkdirp/0.0.7/package.tgz 644
verbose chown [ '/Users/willgaybrick/.npm/mkdirp/0.0.7/package.tgz',
verbose chown   501,
verbose chown   20 ]
silly get cb [ 200,
silly get cb   { vary: 'Accept',
silly get cb     server: 'CouchDB/1.1.0 (Erlang OTP/R14B04)',
silly get cb     etag: '"7MZNZPESAB7VHU2OR75BCFXOM"',
silly get cb     date: 'Fri, 18 Nov 2011 05:33:43 GMT',
silly get cb     'content-type': 'application/json',
silly get cb     'content-length': '1010' } ]
verbose bin dist [ '0.4-ares1.7.4-ev4.4-openssl0.9.8r-v83.1.8.26-darwin-11.2.0',
verbose bin dist   { shasum: '11b5fdaf29c2509255176b80ad520294f5de92b7',
verbose bin dist     tarball: 'http://registry.npmjs.org/mime/-/mime-1.2.4.tgz' } ]
verbose addRemoteTarball [ 'https://registry.npmjs.org/mime/-/mime-1.2.4.tgz',
verbose addRemoteTarball   '11b5fdaf29c2509255176b80ad520294f5de92b7' ]
verbose mkdir (expected) error ENOENT, No such file or directory '/var/folders/6v/7rf3gx696xg5td6bfqr3rj7r0000gn/T/npm-1321594420715/1321594423250-0.8279284941963851'
verbose mkdir done: /var/folders/6v/7rf3gx696xg5td6bfqr3rj7r0000gn/T/npm-1321594420715/1321594423250-0.8279284941963851 755
info fetch https://registry.npmjs.org/mime/-/mime-1.2.4.tgz
verbose fetch to /var/folders/6v/7rf3gx696xg5td6bfqr3rj7r0000gn/T/npm-1321594420715/1321594423250-0.8279284941963851/tmp.tgz
silly updated sha bytes 10240
info shasum 099df444cab947bbadb2bfedda56d33519d6815c
info shasum /var/folders/6v/7rf3gx696xg5td6bfqr3rj7r0000gn/T/npm-1321594420715/1321594423046-0.995018171146512/tmp.tgz
verbose mkdir (expected) error ENOENT, No such file or directory '/var/folders/6v/7rf3gx696xg5td6bfqr3rj7r0000gn/T/npm-1321594420715/1321594423046-0.995018171146512/contents'
verbose mkdir (expected) error ENOENT, No such file or directory '/var/folders/6v/7rf3gx696xg5td6bfqr3rj7r0000gn/T/npm-1321594420715/1321594423046-0.995018171146512/contents/___package.npm'
verbose mkdir done: /var/folders/6v/7rf3gx696xg5td6bfqr3rj7r0000gn/T/npm-1321594420715/1321594423046-0.995018171146512/contents/___package.npm 755
verbose unpack_ uid, gid [ undefined, undefined ]
verbose unpackTarget /var/folders/6v/7rf3gx696xg5td6bfqr3rj7r0000gn/T/npm-1321594420715/1321594423046-0.995018171146512/contents/package
silly gunzTarPerm modes [ '755', '644' ]
silly spawning [ 'tar',
silly spawning   [ '-zmvxpf',
silly spawning     '/var/folders/6v/7rf3gx696xg5td6bfqr3rj7r0000gn/T/npm-1321594420715/1321594423046-0.995018171146512/tmp.tgz' ],
silly spawning   '/var/folders/6v/7rf3gx696xg5td6bfqr3rj7r0000gn/T/npm-1321594420715/1321594423046-0.995018171146512/contents/___package.npm' ]
silly tar err gzip: stdin: decompression OK, trailing garbage ignored
silly tar out package/.gitignore
silly tar out package/.gitmodules
silly tar out package/benchmark.js
silly tar out package/examples.js
silly tar out package/History.md
silly tar out package/index.js
silly tar out package/Makefile
silly tar out package/package.json
silly tar out package/Readme.md
silly tar out package/lib/querystring.js
silly tar out package/test/parse.test.js
silly tar out package/test/stringify.test.js
silly tar err tar: Child returned status 2
silly tar err tar: Error exit delayed from previous errors
ERR! Failed unpacking /var/folders/6v/7rf3gx696xg5td6bfqr3rj7r0000gn/T/npm-1321594420715/1321594423046-0.995018171146512/tmp.tgz
ERR! couldn't unpack /var/folders/6v/7rf3gx696xg5td6bfqr3rj7r0000gn/T/npm-1321594420715/1321594423046-0.995018171146512/tmp.tgz to /var/folders/6v/7rf3gx696xg5td6bfqr3rj7r0000gn/T/npm-1321594420715/1321594423046-0.995018171146512/contents
verbose about to build /Users/willgaybrick/programming/projects/crushFlow/node_modules/express
ERR! error installing express@2.5.0 Error: `tar "-zmvxpf" "/var/folders/6v/7rf3gx696xg5td6bfqr3rj7r0000gn/T/npm-1321594420715/1321594423046-0.995018171146512/tmp.tgz"`
ERR! error installing express@2.5.0 failed with 2
ERR! error installing express@2.5.0     at ChildProcess.<anonymous> (/usr/lib/node_modules/npm/lib/utils/tar.js:219:20)
ERR! error installing express@2.5.0     at ChildProcess.emit (events.js:67:17)
ERR! error installing express@2.5.0     at ChildProcess.onexit (child_process.js:192:12)
info unbuild /Users/willgaybrick/programming/projects/crushFlow/node_modules/express
verbose from cache /Users/willgaybrick/programming/projects/crushFlow/node_modules/express/package.json
info preuninstall express@2.5.0
info uninstall express@2.5.0
verbose unbuild express@2.5.0 [ true,
verbose unbuild express@2.5.0   '/Users/willgaybrick/programming/projects/crushFlow/node_modules',
verbose unbuild express@2.5.0   '/Users/willgaybrick/programming/projects/crushFlow/node_modules' ]
verbose binRoot [ '/Users/willgaybrick/programming/projects/crushFlow/.bin',
verbose binRoot   { express: './bin/express' } ]
info postuninstall express@2.5.0
verbose installOne cb express@2.5.0
ERR! Error: `tar "-zmvxpf" "/var/folders/6v/7rf3gx696xg5td6bfqr3rj7r0000gn/T/npm-1321594420715/1321594423046-0.995018171146512/tmp.tgz"`
ERR! failed with 2
ERR!     at ChildProcess.<anonymous> (/usr/lib/node_modules/npm/lib/utils/tar.js:219:20)
ERR!     at ChildProcess.emit (events.js:67:17)
ERR!     at ChildProcess.onexit (child_process.js:192:12)
ERR! Report this *entire* log at:
ERR!     <http://github.com/isaacs/npm/issues>
ERR! or email it to:
ERR!     <npm-@googlegroups.com>
ERR! 
ERR! System Darwin 11.2.0
ERR! command "node" "/usr/bin/npm" "install"
ERR! cwd /Users/willgaybrick/programming/projects/crushFlow
ERR! node -v v0.4.11
ERR! npm -v 1.0.103
verbose exit [ 1, true ]
